#
# There is insufficient memory for the Java Runtime Environment to continue.
# Native memory allocation (malloc) failed to allocate 1036256 bytes for Chunk::new
# Possible reasons:
#   The system is out of physical RAM or swap space
#   The process is running with CompressedOops enabled, and the Java Heap may be blocking the growth of the native heap
# Possible solutions:
#   Reduce memory load on the system
#   Increase physical memory or swap space
#   Check if swap backing store is full
#   Decrease Java heap size (-Xmx/-Xms)
#   Decrease number of Java threads
#   Decrease Java thread stack sizes (-Xss)
#   Set larger code cache with -XX:ReservedCodeCacheSize=
#   JVM is running with Unscaled Compressed Oops mode in which the Java heap is
#     placed in the first 4GB address space. The Java Heap base address is the
#     maximum limit for the native heap growth. Please use -XX:HeapBaseMinAddress
#     to set the Java Heap base and to place the Java Heap above 4GB virtual address.
# This output file may be truncated or incomplete.
#
#  Out of Memory Error (allocation.cpp:389), pid=10772, tid=0x000000000000a630
#
# JRE version: OpenJDK Runtime Environment (8.0_242-b01) (build 1.8.0_242-release-1644-b01)
# Java VM: OpenJDK 64-Bit Server VM (25.242-b01 mixed mode windows-amd64 compressed oops)
# Failed to write core dump. Minidumps are not enabled by default on client versions of Windows
#

---------------  T H R E A D  ---------------

Current thread (0x0000000019aff000):  JavaThread "C2 CompilerThread2" daemon [_thread_in_native, id=42544, stack(0x000000001a5c0000,0x000000001a6c0000)]

Stack: [0x000000001a5c0000,0x000000001a6c0000]
[error occurred during error reporting (printing stack bounds), id 0xc0000005]

Native frames: (J=compiled Java code, j=interpreted, Vv=VM code, C=native code)


Current CompileTask:
C2:   5697 3456       4       org.objectweb.asm.Frame::execute (2318 bytes)


---------------  P R O C E S S  ---------------

Java Threads: ( => current thread )
  0x000000001c8c3800 JavaThread "Build operations Thread 8" [_thread_blocked, id=38716, stack(0x0000000024800000,0x0000000024900000)]
  0x000000001c8ca800 JavaThread "Build operations Thread 7" [_thread_blocked, id=38972, stack(0x0000000024700000,0x0000000024800000)]
  0x000000001c8c3000 JavaThread "Build operations Thread 6" [_thread_blocked, id=3532, stack(0x0000000024600000,0x0000000024700000)]
  0x000000001c8ca000 JavaThread "Build operations Thread 5" [_thread_blocked, id=33460, stack(0x0000000024500000,0x0000000024600000)]
  0x000000001c8c9000 JavaThread "Build operations Thread 4" [_thread_blocked, id=41764, stack(0x0000000024400000,0x0000000024500000)]
  0x000000001c8c4800 JavaThread "Build operations Thread 3" [_thread_blocked, id=38560, stack(0x0000000024300000,0x0000000024400000)]
  0x000000001c8c8800 JavaThread "Build operations Thread 2" [_thread_blocked, id=27152, stack(0x0000000023fa0000,0x00000000240a0000)]
  0x000000001c8c7800 JavaThread "Build operations" [_thread_blocked, id=40420, stack(0x0000000023ea0000,0x0000000023fa0000)]
  0x0000000019af8800 JavaThread "Cache worker for execution history cache (C:\Users\User\.gradle\caches\6.1.1\executionHistory)" [_thread_blocked, id=40540, stack(0x00000000223d0000,0x00000000224d0000)]
  0x0000000019afe000 JavaThread "Cache worker for cache directory md-rule (C:\Users\User\.gradle\caches\6.1.1\md-rule)" [_thread_blocked, id=42324, stack(0x0000000021220000,0x0000000021320000)]
  0x0000000019afc800 JavaThread "Cache worker for cache directory md-supplier (C:\Users\User\.gradle\caches\6.1.1\md-supplier)" [_thread_blocked, id=40144, stack(0x0000000020c80000,0x0000000020d80000)]
  0x0000000019aff800 JavaThread "Cache worker for file hash cache (C:\Users\User\AndroidStudioProjects\CovidFight\.gradle\6.1.1\fileHashes)" [_thread_blocked, id=39148, stack(0x0000000020f20000,0x0000000021020000)]
  0x0000000019afd800 JavaThread "Cache worker for checksums cache (C:\Users\User\AndroidStudioProjects\CovidFight\.gradle\checksums)" [_thread_blocked, id=21660, stack(0x0000000020e20000,0x0000000020f20000)]
  0x0000000019afa000 JavaThread "Cache worker for file hash cache (C:\Users\User\.gradle\caches\6.1.1\fileHashes)" [_thread_blocked, id=19016, stack(0x000000001e7e0000,0x000000001e8e0000)]
  0x0000000019afc000 JavaThread "File lock request listener" [_thread_in_native, id=38932, stack(0x000000001e6e0000,0x000000001e7e0000)]
  0x000000001c52b000 JavaThread "Cache worker for journal cache (C:\Users\User\.gradle\caches\journal-1)" [_thread_blocked, id=6856, stack(0x000000001e5e0000,0x000000001e6e0000)]
  0x000000001c4df800 JavaThread "Thread-9" [_thread_blocked, id=32452, stack(0x000000001e2e0000,0x000000001e3e0000)]
  0x000000001c4e8000 JavaThread "Stdin handler" [_thread_blocked, id=41108, stack(0x000000001e1e0000,0x000000001e2e0000)]
  0x000000001c4ea000 JavaThread "Asynchronous log dispatcher for DefaultDaemonConnection: socket connection from /127.0.0.1:63729 to /127.0.0.1:63730" [_thread_blocked, id=1788, stack(0x000000001e0e0000,0x000000001e1e0000)]
  0x000000001c4e8800 JavaThread "Daemon worker" [_thread_in_Java, id=28936, stack(0x000000001dfe0000,0x000000001e0e0000)]
  0x000000001c4de000 JavaThread "Cancel handler" [_thread_blocked, id=38168, stack(0x000000001dee0000,0x000000001dfe0000)]
  0x000000001c4c9000 JavaThread "Handler for socket connection from /127.0.0.1:63729 to /127.0.0.1:63730" [_thread_in_native, id=37792, stack(0x000000001dbe0000,0x000000001dce0000)]
  0x000000001c4c4800 JavaThread "Daemon" [_thread_blocked, id=36132, stack(0x000000001dae0000,0x000000001dbe0000)]
  0x000000001c3ae800 JavaThread "Daemon periodic checks" [_thread_blocked, id=38240, stack(0x000000001d9e0000,0x000000001dae0000)]
  0x000000001c3c7800 JavaThread "Incoming local TCP Connector on port 63729" [_thread_in_native, id=37464, stack(0x000000001d7a0000,0x000000001d8a0000)]
  0x000000001c426800 JavaThread "Daemon health stats" [_thread_blocked, id=25656, stack(0x000000001d160000,0x000000001d260000)]
  0x0000000019b88000 JavaThread "Service Thread" daemon [_thread_blocked, id=34788, stack(0x000000001a7c0000,0x000000001a8c0000)]
  0x0000000019afb000 JavaThread "C1 CompilerThread3" daemon [_thread_blocked, id=10084, stack(0x000000001a6c0000,0x000000001a7c0000)]
=>0x0000000019aff000 JavaThread "C2 CompilerThread2" daemon [_thread_in_native, id=42544, stack(0x000000001a5c0000,0x000000001a6c0000)]
  0x0000000017cce000 JavaThread "C2 CompilerThread1" daemon [_thread_blocked, id=39300, stack(0x000000001a4c0000,0x000000001a5c0000)]
  0x0000000017cc9000 JavaThread "C2 CompilerThread0" daemon [_thread_in_native, id=39804, stack(0x000000001a3c0000,0x000000001a4c0000)]
  0x0000000019af2800 JavaThread "Attach Listener" daemon [_thread_blocked, id=38652, stack(0x000000001a2c0000,0x000000001a3c0000)]
  0x0000000019af6000 JavaThread "Signal Dispatcher" daemon [_thread_blocked, id=7204, stack(0x000000001a1c0000,0x000000001a2c0000)]
  0x0000000002c4c800 JavaThread "Finalizer" daemon [_thread_blocked, id=31104, stack(0x0000000019fc0000,0x000000001a0c0000)]
  0x0000000019ae0800 JavaThread "Reference Handler" daemon [_thread_blocked, id=40536, stack(0x0000000019ec0000,0x0000000019fc0000)]
  0x00000000029fe000 JavaThread "main" [_thread_blocked, id=11580, stack(0x0000000002a50000,0x0000000002b50000)]

Other Threads:
  0x0000000017cb8000 VMThread [stack: 0x00000000199c0000,0x0000000019ac0000] [id=25964]
  0x0000000019b89000 WatcherThread [stack: 0x000000001a8c0000,0x000000001a9c0000] [id=39788]

VM state:not at safepoint (normal execution)

VM Mutex/Monitor currently owned by a thread: None

heap address: 0x0000000080000000, size: 2048 MB, Compressed Oops mode: 32-bit
Narrow klass base: 0x0000000000000000, Narrow klass shift: 3
Compressed class space size: 1073741824 Address: 0x0000000100000000

Heap:
 PSYoungGen      total 120832K, used 50069K [0x00000000d5580000, 0x00000000e1f00000, 0x0000000100000000)
  eden space 109056K, 45% used [0x00000000d5580000,0x00000000d8665510,0x00000000dc000000)
  from space 11776K, 0% used [0x00000000dc000000,0x00000000dc000000,0x00000000dcb80000)
  to   space 11776K, 0% used [0x00000000e1380000,0x00000000e1380000,0x00000000e1f00000)
 ParOldGen       total 91648K, used 15498K [0x0000000080000000, 0x0000000085980000, 0x00000000d5580000)
  object space 91648K, 16% used [0x0000000080000000,0x0000000080f22800,0x0000000085980000)
 Metaspace       used 36829K, capacity 38202K, committed 38440K, reserved 1083392K
  class space    used 5099K, capacity 5424K, committed 5424K, reserved 1048576K

Card table byte_map: [0x0000000012010000,0x0000000012420000] byte_map_base: 0x0000000011c10000

Marking Bits: (ParMarkBitMap*) 0x000000006a34f030
 Begin Bits: [0x0000000012ed0000, 0x0000000014ed0000)
 End Bits:   [0x0000000014ed0000, 0x0000000016ed0000)

Polling page: 0x00000000010f0000

CodeCache: size=245760Kb used=11294Kb max_used=11294Kb free=234465Kb
 bounds [0x0000000002c50000, 0x0000000003770000, 0x0000000011c50000]
 total_blobs=4019 nmethods=3313 adapters=618
 compilation: enabled

Compilation events (10 events):
Event: 5.680 Thread 0x0000000019afb000 nmethod 3548 0x000000000373f310 code [0x000000000373f540, 0x0000000003740118]
Event: 5.680 Thread 0x0000000019afb000 3549       3       com.google.common.collect.MapMakerInternalMap$Segment::getEntry (80 bytes)
Event: 5.681 Thread 0x0000000019afb000 nmethod 3549 0x0000000003758dd0 code [0x0000000003759040, 0x000000000375a3c8]
Event: 5.684 Thread 0x0000000019afb000 3550   !   3       org.gradle.internal.classloader.CachingClassLoader::loadClass (85 bytes)
Event: 5.684 Thread 0x0000000019afb000 nmethod 3550 0x0000000003758290 code [0x0000000003758460, 0x0000000003758ba8]
Event: 5.684 Thread 0x0000000019afb000 3551       3       com.google.common.collect.MapMakerInternalMap::get (23 bytes)
Event: 5.685 Thread 0x0000000019afb000 nmethod 3551 0x0000000003757890 code [0x0000000003757a40, 0x0000000003757fe8]
Event: 5.686 Thread 0x0000000017cce000 nmethod 3543 0x000000000375f890 code [0x000000000375faa0, 0x00000000037601e8]
Event: 5.686 Thread 0x0000000017cce000 3446       4       java.lang.Class::getGenericInfo (52 bytes)
Event: 5.688 Thread 0x0000000017cce000 nmethod 3446 0x000000000375dd10 code [0x000000000375de80, 0x000000000375dfa8]

GC Heap History (10 events):
Event: 3.115 GC heap before
{Heap before GC invocations=5 (full 1):
 PSYoungGen      total 75776K, used 7491K [0x00000000d5580000, 0x00000000de980000, 0x0000000100000000)
  eden space 65024K, 0% used [0x00000000d5580000,0x00000000d5580000,0x00000000d9500000)
  from space 10752K, 69% used [0x00000000d9f80000,0x00000000da6d0e98,0x00000000daa00000)
  to   space 10752K, 0% used [0x00000000d9500000,0x00000000d9500000,0x00000000d9f80000)
 ParOldGen       total 173568K, used 1175K [0x0000000080000000, 0x000000008a980000, 0x00000000d5580000)
  object space 173568K, 0% used [0x0000000080000000,0x0000000080125f68,0x000000008a980000)
 Metaspace       used 20643K, capacity 21256K, committed 21296K, reserved 1067008K
  class space    used 2895K, capacity 3116K, committed 3120K, reserved 1048576K
Event: 3.144 GC heap after
Heap after GC invocations=5 (full 1):
 PSYoungGen      total 75776K, used 0K [0x00000000d5580000, 0x00000000de980000, 0x0000000100000000)
  eden space 65024K, 0% used [0x00000000d5580000,0x00000000d5580000,0x00000000d9500000)
  from space 10752K, 0% used [0x00000000d9f80000,0x00000000d9f80000,0x00000000daa00000)
  to   space 10752K, 0% used [0x00000000d9500000,0x00000000d9500000,0x00000000d9f80000)
 ParOldGen       total 91648K, used 7286K [0x0000000080000000, 0x0000000085980000, 0x00000000d5580000)
  object space 91648K, 7% used [0x0000000080000000,0x000000008071dad8,0x0000000085980000)
 Metaspace       used 20643K, capacity 21256K, committed 21296K, reserved 1067008K
  class space    used 2895K, capacity 3116K, committed 3120K, reserved 1048576K
}
Event: 3.800 GC heap before
{Heap before GC invocations=6 (full 1):
 PSYoungGen      total 75776K, used 64803K [0x00000000d5580000, 0x00000000de980000, 0x0000000100000000)
  eden space 65024K, 99% used [0x00000000d5580000,0x00000000d94c8db8,0x00000000d9500000)
  from space 10752K, 0% used [0x00000000d9f80000,0x00000000d9f80000,0x00000000daa00000)
  to   space 10752K, 0% used [0x00000000d9500000,0x00000000d9500000,0x00000000d9f80000)
 ParOldGen       total 91648K, used 7286K [0x0000000080000000, 0x0000000085980000, 0x00000000d5580000)
  object space 91648K, 7% used [0x0000000080000000,0x000000008071dad8,0x0000000085980000)
 Metaspace       used 28221K, capacity 28912K, committed 29232K, reserved 1075200K
  class space    used 3895K, capacity 4127K, committed 4144K, reserved 1048576K
Event: 3.805 GC heap after
Heap after GC invocations=6 (full 1):
 PSYoungGen      total 75776K, used 8635K [0x00000000d5580000, 0x00000000dd900000, 0x0000000100000000)
  eden space 65024K, 0% used [0x00000000d5580000,0x00000000d5580000,0x00000000d9500000)
  from space 10752K, 80% used [0x00000000d9500000,0x00000000d9d6ee80,0x00000000d9f80000)
  to   space 12288K, 0% used [0x00000000dcd00000,0x00000000dcd00000,0x00000000dd900000)
 ParOldGen       total 91648K, used 7294K [0x0000000080000000, 0x0000000085980000, 0x00000000d5580000)
  object space 91648K, 7% used [0x0000000080000000,0x000000008071fad8,0x0000000085980000)
 Metaspace       used 28221K, capacity 28912K, committed 29232K, reserved 1075200K
  class space    used 3895K, capacity 4127K, committed 4144K, reserved 1048576K
}
Event: 4.381 GC heap before
{Heap before GC invocations=7 (full 1):
 PSYoungGen      total 75776K, used 73659K [0x00000000d5580000, 0x00000000dd900000, 0x0000000100000000)
  eden space 65024K, 100% used [0x00000000d5580000,0x00000000d9500000,0x00000000d9500000)
  from space 10752K, 80% used [0x00000000d9500000,0x00000000d9d6ee80,0x00000000d9f80000)
  to   space 12288K, 0% used [0x00000000dcd00000,0x00000000dcd00000,0x00000000dd900000)
 ParOldGen       total 91648K, used 7294K [0x0000000080000000, 0x0000000085980000, 0x00000000d5580000)
  object space 91648K, 7% used [0x0000000080000000,0x000000008071fad8,0x0000000085980000)
 Metaspace       used 32290K, capacity 33120K, committed 33456K, reserved 1077248K
  class space    used 4414K, capacity 4673K, committed 4784K, reserved 1048576K
Event: 4.390 GC heap after
Heap after GC invocations=7 (full 1):
 PSYoungGen      total 119296K, used 8651K [0x00000000d5580000, 0x00000000dd700000, 0x0000000100000000)
  eden space 109056K, 0% used [0x00000000d5580000,0x00000000d5580000,0x00000000dc000000)
  from space 10240K, 84% used [0x00000000dcd00000,0x00000000dd572f08,0x00000000dd700000)
  to   space 11776K, 0% used [0x00000000dc000000,0x00000000dc000000,0x00000000dcb80000)
 ParOldGen       total 91648K, used 7302K [0x0000000080000000, 0x0000000085980000, 0x00000000d5580000)
  object space 91648K, 7% used [0x0000000080000000,0x0000000080721ad8,0x0000000085980000)
 Metaspace       used 32290K, capacity 33120K, committed 33456K, reserved 1077248K
  class space    used 4414K, capacity 4673K, committed 4784K, reserved 1048576K
}
Event: 4.884 GC heap before
{Heap before GC invocations=8 (full 1):
 PSYoungGen      total 119296K, used 57986K [0x00000000d5580000, 0x00000000dd700000, 0x0000000100000000)
  eden space 109056K, 45% used [0x00000000d5580000,0x00000000d85adbb0,0x00000000dc000000)
  from space 10240K, 84% used [0x00000000dcd00000,0x00000000dd572f08,0x00000000dd700000)
  to   space 11776K, 0% used [0x00000000dc000000,0x00000000dc000000,0x00000000dcb80000)
 ParOldGen       total 91648K, used 7302K [0x0000000080000000, 0x0000000085980000, 0x00000000d5580000)
  object space 91648K, 7% used [0x0000000080000000,0x0000000080721ad8,0x0000000085980000)
 Metaspace       used 34584K, capacity 35414K, committed 35496K, reserved 1079296K
  class space    used 4745K, capacity 4972K, committed 5040K, reserved 1048576K
Event: 4.894 GC heap after
Heap after GC invocations=8 (full 1):
 PSYoungGen      total 120832K, used 8984K [0x00000000d5580000, 0x00000000e1f00000, 0x0000000100000000)
  eden space 109056K, 0% used [0x00000000d5580000,0x00000000d5580000,0x00000000dc000000)
  from space 11776K, 76% used [0x00000000dc000000,0x00000000dc8c6240,0x00000000dcb80000)
  to   space 11776K, 0% used [0x00000000e1380000,0x00000000e1380000,0x00000000e1f00000)
 ParOldGen       total 91648K, used 7310K [0x0000000080000000, 0x0000000085980000, 0x00000000d5580000)
  object space 91648K, 7% used [0x0000000080000000,0x0000000080723ad8,0x0000000085980000)
 Metaspace       used 34584K, capacity 35414K, committed 35496K, reserved 1079296K
  class space    used 4745K, capacity 4972K, committed 5040K, reserved 1048576K
}
Event: 4.894 GC heap before
{Heap before GC invocations=9 (full 2):
 PSYoungGen      total 120832K, used 8984K [0x00000000d5580000, 0x00000000e1f00000, 0x0000000100000000)
  eden space 109056K, 0% used [0x00000000d5580000,0x00000000d5580000,0x00000000dc000000)
  from space 11776K, 76% used [0x00000000dc000000,0x00000000dc8c6240,0x00000000dcb80000)
  to   space 11776K, 0% used [0x00000000e1380000,0x00000000e1380000,0x00000000e1f00000)
 ParOldGen       total 91648K, used 7310K [0x0000000080000000, 0x0000000085980000, 0x00000000d5580000)
  object space 91648K, 7% used [0x0000000080000000,0x0000000080723ad8,0x0000000085980000)
 Metaspace       used 34584K, capacity 35414K, committed 35496K, reserved 1079296K
  class space    used 4745K, capacity 4972K, committed 5040K, reserved 1048576K
Event: 4.947 GC heap after
Heap after GC invocations=9 (full 2):
 PSYoungGen      total 120832K, used 0K [0x00000000d5580000, 0x00000000e1f00000, 0x0000000100000000)
  eden space 109056K, 0% used [0x00000000d5580000,0x00000000d5580000,0x00000000dc000000)
  from space 11776K, 0% used [0x00000000dc000000,0x00000000dc000000,0x00000000dcb80000)
  to   space 11776K, 0% used [0x00000000e1380000,0x00000000e1380000,0x00000000e1f00000)
 ParOldGen       total 91648K, used 15498K [0x0000000080000000, 0x0000000085980000, 0x00000000d5580000)
  object space 91648K, 16% used [0x0000000080000000,0x0000000080f22800,0x0000000085980000)
 Metaspace       used 34584K, capacity 35414K, committed 35496K, reserved 1079296K
  class space    used 4745K, capacity 4972K, committed 5040K, reserved 1048576K
}

Deoptimization events (10 events):
Event: 4.255 Thread 0x000000001c4e8800 Uncommon trap: reason=unstable_if action=reinterpret pc=0x0000000003598f08 method=org.codehaus.groovy.runtime.metaclass.MetaMethodIndex.addMethodToList(Ljava/lang/Object;Lgroovy/lang/MetaMethod;)Ljava/lang/Object; @ 226
Event: 4.714 Thread 0x000000001c4e8800 Uncommon trap: reason=unstable_if action=reinterpret pc=0x000000000350803c method=jdk.internal.org.objectweb.asm.Type.getArgumentsAndReturnSizes(Ljava/lang/String;)I @ 88
Event: 5.152 Thread 0x000000001c8c7800 Uncommon trap: reason=class_check action=maybe_recompile pc=0x00000000031d945c method=java.util.concurrent.ConcurrentHashMap.putVal(Ljava/lang/Object;Ljava/lang/Object;Z)Ljava/lang/Object; @ 192
Event: 5.153 Thread 0x000000001c8c3800 Uncommon trap: reason=unstable_if action=reinterpret pc=0x00000000031d9420 method=java.util.concurrent.ConcurrentHashMap.putVal(Ljava/lang/Object;Ljava/lang/Object;Z)Ljava/lang/Object; @ 98
Event: 5.176 Thread 0x000000001c8c9000 Uncommon trap: reason=unstable_if action=reinterpret pc=0x00000000031295dc method=java.util.concurrent.ConcurrentHashMap.addCount(JI)V @ 34
Event: 5.360 Thread 0x000000001c4e8800 Uncommon trap: reason=unstable_if action=reinterpret pc=0x0000000002f92eac method=java.util.jar.JarFile.match([C[B[I[I)Z @ 29
Event: 5.424 Thread 0x000000001c4e8800 Uncommon trap: reason=bimorphic action=maybe_recompile pc=0x00000000035e56b0 method=java.util.AbstractCollection.addAll(Ljava/util/Collection;)Z @ 29
Event: 5.458 Thread 0x000000001c4e8800 Uncommon trap: reason=range_check action=make_not_entrant pc=0x000000000366b5c0 method=java.lang.String.charAt(I)C @ 27
Event: 5.560 Thread 0x000000001c4e8800 Uncommon trap: reason=unstable_if action=reinterpret pc=0x0000000002f56ad0 method=java.util.regex.Pattern.has(I)Z @ 6
Event: 5.562 Thread 0x000000001c4e8800 Uncommon trap: reason=bimorphic action=maybe_recompile pc=0x00000000035e56b0 method=java.util.AbstractCollection.addAll(Ljava/util/Collection;)Z @ 29

Classes redefined (0 events):
No events

Internal exceptions (10 events):
Event: 5.565 Thread 0x000000001c4df800 Exception <a 'java/lang/NoSuchMethodError': <clinit>> (0x00000000d55a7260) thrown at [C:\src\AOSP-openjdk-git\hotspot\src\share\vm\prims\jni.cpp, line 1615]
Event: 5.565 Thread 0x000000001c4df800 Exception <a 'java/lang/NoSuchMethodError': <clinit>> (0x00000000d55a8b58) thrown at [C:\src\AOSP-openjdk-git\hotspot\src\share\vm\prims\jni.cpp, line 1615]
Event: 5.565 Thread 0x000000001c4df800 Exception <a 'java/lang/NoSuchMethodError': <clinit>> (0x00000000d55aa080) thrown at [C:\src\AOSP-openjdk-git\hotspot\src\share\vm\prims\jni.cpp, line 1615]
Event: 5.566 Thread 0x000000001c4df800 Exception <a 'java/lang/NoSuchMethodError': <clinit>> (0x00000000d55b42f0) thrown at [C:\src\AOSP-openjdk-git\hotspot\src\share\vm\prims\jni.cpp, line 1615]
Event: 5.567 Thread 0x000000001c4df800 Exception <a 'java/lang/NoSuchMethodError': <clinit>> (0x00000000d55bf210) thrown at [C:\src\AOSP-openjdk-git\hotspot\src\share\vm\prims\jni.cpp, line 1615]
Event: 5.570 Thread 0x000000001c4df800 Exception <a 'java/lang/NoSuchMethodError': <clinit>> (0x00000000d55d2618) thrown at [C:\src\AOSP-openjdk-git\hotspot\src\share\vm\prims\jni.cpp, line 1615]
Event: 5.582 Thread 0x000000001c4e8800 Exception <a 'java/lang/ClassNotFoundException': build_3h7sxam10uiv3eko63ox4kmngBeanInfo> (0x00000000d7db3a98) thrown at [C:\src\AOSP-openjdk-git\hotspot\src\share\vm\classfile\systemDictionary.cpp, line 210]
Event: 5.582 Thread 0x000000001c4e8800 Exception <a 'java/lang/ClassNotFoundException': build_3h7sxam10uiv3eko63ox4kmngCustomizer> (0x00000000d7dc0c20) thrown at [C:\src\AOSP-openjdk-git\hotspot\src\share\vm\classfile\systemDictionary.cpp, line 210]
Event: 5.587 Thread 0x000000001c4e8800 Exception <a 'java/lang/ClassNotFoundException': org/gradle/api/internal/plugins/DefaultObjectConfigurationActionBeanInfo> (0x00000000d7e3b940) thrown at [C:\src\AOSP-openjdk-git\hotspot\src\share\vm\classfile\systemDictionary.cpp, line 210]
Event: 5.588 Thread 0x000000001c4e8800 Exception <a 'java/lang/ClassNotFoundException': org/gradle/api/internal/plugins/DefaultObjectConfigurationActionCustomizer> (0x00000000d7e80b10) thrown at [C:\src\AOSP-openjdk-git\hotspot\src\share\vm\classfile\systemDictionary.cpp, line 210]

Events (10 events):
Event: 5.689 loading class com/android/build/gradle/options/FeatureStage$Experimental
Event: 5.689 loading class com/android/build/gradle/options/FeatureStage$Experimental done
Event: 5.690 loading class com/android/build/gradle/options/FeatureStage$SoftlyEnforced
Event: 5.690 loading class com/android/build/gradle/options/FeatureStage$SoftlyEnforced done
Event: 5.690 loading class com/android/build/gradle/internal/errors/DeprecationReporter$DeprecationTarget
Event: 5.690 loading class com/android/build/gradle/internal/errors/DeprecationReporter$DeprecationTarget done
Event: 5.690 loading class com/android/build/gradle/options/Option$Status$Deprecated
Event: 5.690 loading class com/android/build/gradle/options/Option$Status$Deprecated done
Event: 5.691 loading class com/android/build/gradle/options/FeatureStage$Enforced
Event: 5.691 loading class com/android/build/gradle/options/FeatureStage$Enforced done


Dynamic libraries:
0x00007ff70a240000 - 0x00007ff70a271000 	C:\Program Files\Android\Android Studio\jre\bin\java.exe
0x00007ff9dfde0000 - 0x00007ff9dffd0000 	C:\WINDOWS\SYSTEM32\ntdll.dll
0x00007ff9de970000 - 0x00007ff9dea22000 	C:\WINDOWS\System32\KERNEL32.DLL
0x00007ff9ddaa0000 - 0x00007ff9ddd45000 	C:\WINDOWS\System32\KERNELBASE.dll
0x00007ff9de0b0000 - 0x00007ff9de153000 	C:\WINDOWS\System32\ADVAPI32.dll
0x00007ff9dea30000 - 0x00007ff9deace000 	C:\WINDOWS\System32\msvcrt.dll
0x00007ff9dec10000 - 0x00007ff9deca7000 	C:\WINDOWS\System32\sechost.dll
0x00007ff9df090000 - 0x00007ff9df1b0000 	C:\WINDOWS\System32\RPCRT4.dll
0x00007ff9dfc00000 - 0x00007ff9dfd95000 	C:\WINDOWS\System32\USER32.dll
0x00007ff9dd280000 - 0x00007ff9dd2a1000 	C:\WINDOWS\System32\win32u.dll
0x00007ff9ddf40000 - 0x00007ff9ddf66000 	C:\WINDOWS\System32\GDI32.dll
0x00007ff9dce70000 - 0x00007ff9dd006000 	C:\WINDOWS\System32\gdi32full.dll
0x00007ff9dd090000 - 0x00007ff9dd12e000 	C:\WINDOWS\System32\msvcp_win.dll
0x00007ff9dcd70000 - 0x00007ff9dce6a000 	C:\WINDOWS\System32\ucrtbase.dll
0x00007ff9d09f0000 - 0x00007ff9d0c74000 	C:\WINDOWS\WinSxS\amd64_microsoft.windows.common-controls_6595b64144ccf1df_6.0.18362.1082_none_9e8193e1e45b25c1\COMCTL32.dll
0x00007ff9de160000 - 0x00007ff9de495000 	C:\WINDOWS\System32\combase.dll
0x00007ff9dd010000 - 0x00007ff9dd090000 	C:\WINDOWS\System32\bcryptPrimitives.dll
0x00007ff9dde90000 - 0x00007ff9ddebe000 	C:\WINDOWS\System32\IMM32.DLL
0x00000000688e0000 - 0x00000000689b2000 	C:\Program Files\Android\Android Studio\jre\jre\bin\msvcr100.dll
0x0000000069b80000 - 0x000000006a3cb000 	C:\Program Files\Android\Android Studio\jre\jre\bin\server\jvm.dll
0x00007ff9deb90000 - 0x00007ff9deb98000 	C:\WINDOWS\System32\PSAPI.DLL
0x00007ff9d2e80000 - 0x00007ff9d2ea4000 	C:\WINDOWS\SYSTEM32\WINMM.dll
0x00007ff9d6ec0000 - 0x00007ff9d6eca000 	C:\WINDOWS\SYSTEM32\VERSION.dll
0x00007ff9cee70000 - 0x00007ff9cee79000 	C:\WINDOWS\SYSTEM32\WSOCK32.dll
0x00007ff9deba0000 - 0x00007ff9dec0f000 	C:\WINDOWS\System32\WS2_32.dll
0x00007ff9d2c30000 - 0x00007ff9d2c5d000 	C:\WINDOWS\SYSTEM32\winmmbase.dll
0x00007ff9dda30000 - 0x00007ff9dda7a000 	C:\WINDOWS\System32\cfgmgr32.dll
0x00007ff9d7e00000 - 0x00007ff9d7e0f000 	C:\Program Files\Android\Android Studio\jre\jre\bin\verify.dll
0x00007ff9d2170000 - 0x00007ff9d2199000 	C:\Program Files\Android\Android Studio\jre\jre\bin\java.dll
0x00007ff9d2630000 - 0x00007ff9d2646000 	C:\Program Files\Android\Android Studio\jre\jre\bin\zip.dll
0x00007ff9df1b0000 - 0x00007ff9df897000 	C:\WINDOWS\System32\SHELL32.dll
0x00007ff9df900000 - 0x00007ff9df9a9000 	C:\WINDOWS\System32\shcore.dll
0x00007ff9dd2b0000 - 0x00007ff9dda30000 	C:\WINDOWS\System32\windows.storage.dll
0x00007ff9dccf0000 - 0x00007ff9dcd13000 	C:\WINDOWS\System32\profapi.dll
0x00007ff9dcd20000 - 0x00007ff9dcd6a000 	C:\WINDOWS\System32\powrprof.dll
0x00007ff9dcca0000 - 0x00007ff9dccb0000 	C:\WINDOWS\System32\UMPDC.dll
0x00007ff9df8a0000 - 0x00007ff9df8f2000 	C:\WINDOWS\System32\shlwapi.dll
0x00007ff9dccb0000 - 0x00007ff9dccc1000 	C:\WINDOWS\System32\kernel.appcore.dll
0x00007ff9dda80000 - 0x00007ff9dda97000 	C:\WINDOWS\System32\cryptsp.dll
0x00007ff9d2240000 - 0x00007ff9d225a000 	C:\Program Files\Android\Android Studio\jre\jre\bin\net.dll
0x00007ff9dc4f0000 - 0x00007ff9dc557000 	C:\WINDOWS\system32\mswsock.dll
0x00007ff9d1b90000 - 0x00007ff9d1ba3000 	C:\Program Files\Android\Android Studio\jre\jre\bin\nio.dll
0x00007ff9cd470000 - 0x00007ff9cd496000 	C:\Users\User\.gradle\native\31\windows-amd64\native-platform.dll
0x00007ff9d7b50000 - 0x00007ff9d7b5d000 	C:\Program Files\Android\Android Studio\jre\jre\bin\management.dll
0x00007ff9dc000000 - 0x00007ff9dc033000 	C:\WINDOWS\system32\rsaenh.dll
0x00007ff9ddd50000 - 0x00007ff9ddd76000 	C:\WINDOWS\System32\bcrypt.dll
0x00007ff9dcbc0000 - 0x00007ff9dcbe5000 	C:\WINDOWS\SYSTEM32\USERENV.dll
0x00007ff9dc6c0000 - 0x00007ff9dc6cc000 	C:\WINDOWS\SYSTEM32\CRYPTBASE.dll
0x00007ff9dc200000 - 0x00007ff9dc23a000 	C:\WINDOWS\SYSTEM32\IPHLPAPI.DLL
0x00007ff9dee60000 - 0x00007ff9dee68000 	C:\WINDOWS\System32\NSI.dll
0x00007ff9d56d0000 - 0x00007ff9d56e6000 	C:\WINDOWS\SYSTEM32\dhcpcsvc6.DLL
0x00007ff9d56b0000 - 0x00007ff9d56cc000 	C:\WINDOWS\SYSTEM32\dhcpcsvc.DLL
0x00007ff9dc240000 - 0x00007ff9dc30b000 	C:\WINDOWS\SYSTEM32\DNSAPI.dll

VM Arguments:
jvm_args: -Xmx2048m -Dfile.encoding=windows-1252 -Duser.country=US -Duser.language=en -Duser.variant 
java_command: org.gradle.launcher.daemon.bootstrap.GradleDaemon 6.1.1
java_class_path (initial): C:\Users\User\.gradle\wrapper\dists\gradle-6.1.1-all\cfmwm155h49vnt3hynmlrsdst\gradle-6.1.1\lib\gradle-launcher-6.1.1.jar
Launcher Type: SUN_STANDARD

Environment Variables:
JAVA_HOME=C:\Program Files\Amazon Corretto\jdk1.8.0_232
PATH=C:\Program Files\Amazon Corretto\jdk1.8.0_232\bin;C:\WINDOWS\system32;C:\WINDOWS;C:\WINDOWS\System32\Wbem;C:\WINDOWS\System32\WindowsPowerShell\v1.0\;C:\WINDOWS\System32\OpenSSH\;C:\Program Files\NVIDIA Corporation\NVIDIA NvDLISR;C:\Program Files (x86)\NVIDIA Corporation\PhysX\Common;C:\WINDOWS\system32;C:\WINDOWS;C:\WINDOWS\System32\Wbem;C:\WINDOWS\System32\WindowsPowerShell\v1.0\;C:\WINDOWS\System32\OpenSSH\;C:\Program Files\Intel\WiFi\bin\;C:\Program Files\Common Files\Intel\WirelessCommon\;D:\Git\cmd;C:\Program Files (x86)\Intel\Intel(R) Management Engine Components\DAL;C:\Program Files\Intel\Intel(R) Management Engine Components\DAL;C:\Program Files\PuTTY\;C:\Users\User\AppData\Local\Microsoft\WindowsApps;C:\Program Files\Intel\WiFi\bin\;C:\Program Files\Common Files\Intel\WirelessCommon\;C:\Users\User\AppData\Local\GitHubDesktop\bin;C:\Users\User\AppData\Local\atom\bin;C:\Users\User\AppData\Local\Programs\Microsoft VS Code\bin
USERNAME=User
OS=Windows_NT
PROCESSOR_IDENTIFIER=Intel64 Family 6 Model 158 Stepping 9, GenuineIntel



---------------  S Y S T E M  ---------------

OS: Windows 10.0 , 64 bit Build 18362 (10.0.18362.1082)

CPU:total 8 (initial active 8) (4 cores per cpu, 2 threads per core) family 6 model 158 stepping 9, cmov, cx8, fxsr, mmx, sse, sse2, sse3, ssse3, sse4.1, sse4.2, popcnt, avx, avx2, aes, clmul, erms, 3dnowpref, lzcnt, ht, tsc, tscinvbit, bmi1, bmi2, adx

Memory: 4k page, physical 16640252k(598496k free), swap 32119632k(5172k free)

vm_info: OpenJDK 64-Bit Server VM (25.242-b01) for windows-amd64 JRE (1.8.0_242-release-1644-b01), built by "builder" with MS VC++ 10.0 (VS2010)

time: Sun Sep 20 23:41:51 2020
timezone: Eastern Daylight Time
elapsed time: 5 seconds (0d 0h 0m 5s)

