#
# There is insufficient memory for the Java Runtime Environment to continue.
# Native memory allocation (malloc) failed to allocate 1326256 bytes for Chunk::new
# Possible reasons:
#   The system is out of physical RAM or swap space
#   The process is running with CompressedOops enabled, and the Java Heap may be blocking the growth of the native heap
# Possible solutions:
#   Reduce memory load on the system
#   Increase physical memory or swap space
#   Check if swap backing store is full
#   Decrease Java heap size (-Xmx/-Xms)
#   Decrease number of Java threads
#   Decrease Java thread stack sizes (-Xss)
#   Set larger code cache with -XX:ReservedCodeCacheSize=
#   JVM is running with Unscaled Compressed Oops mode in which the Java heap is
#     placed in the first 4GB address space. The Java Heap base address is the
#     maximum limit for the native heap growth. Please use -XX:HeapBaseMinAddress
#     to set the Java Heap base and to place the Java Heap above 4GB virtual address.
# This output file may be truncated or incomplete.
#
#  Out of Memory Error (allocation.cpp:389), pid=10244, tid=0x0000000000007d6c
#
# JRE version: OpenJDK Runtime Environment (8.0_242-b01) (build 1.8.0_242-release-1644-b01)
# Java VM: OpenJDK 64-Bit Server VM (25.242-b01 mixed mode windows-amd64 compressed oops)
# Failed to write core dump. Minidumps are not enabled by default on client versions of Windows
#

---------------  T H R E A D  ---------------

Current thread (0x0000000017bcc000):  JavaThread "C2 CompilerThread1" daemon [_thread_in_native, id=32108, stack(0x000000001a390000,0x000000001a490000)]

Stack: [0x000000001a390000,0x000000001a490000]
[error occurred during error reporting (printing stack bounds), id 0xc0000005]

Native frames: (J=compiled Java code, j=interpreted, Vv=VM code, C=native code)


Current CompileTask:
C2:   7946 4442       4       java.lang.Class::privateGetMethodRecursive (130 bytes)


---------------  P R O C E S S  ---------------

Java Threads: ( => current thread )
  0x000000001b750000 JavaThread "Cache worker for Build Output Cleanup Cache (C:\Users\User\AndroidStudioProjects\CovidFight\.gradle\buildOutputCleanup)" [_thread_blocked, id=21600, stack(0x0000000024e20000,0x0000000024f20000)]
  0x000000001b754800 JavaThread "Build operations Thread 8" [_thread_blocked, id=27012, stack(0x0000000024720000,0x0000000024820000)]
  0x000000001b751800 JavaThread "Build operations Thread 7" [_thread_blocked, id=39972, stack(0x0000000024620000,0x0000000024720000)]
  0x000000001b750800 JavaThread "Build operations Thread 6" [_thread_blocked, id=40100, stack(0x0000000024520000,0x0000000024620000)]
  0x000000001b74d000 JavaThread "Build operations Thread 5" [_thread_blocked, id=34016, stack(0x0000000024420000,0x0000000024520000)]
  0x000000001b753800 JavaThread "Build operations Thread 4" [_thread_blocked, id=36628, stack(0x0000000024320000,0x0000000024420000)]
  0x000000001b74f000 JavaThread "Build operations Thread 3" [_thread_blocked, id=26420, stack(0x0000000024220000,0x0000000024320000)]
  0x000000001b753000 JavaThread "Build operations Thread 2" [_thread_blocked, id=31912, stack(0x0000000024120000,0x0000000024220000)]
  0x000000001b74e800 JavaThread "Build operations" [_thread_blocked, id=36072, stack(0x0000000023d60000,0x0000000023e60000)]
  0x000000001c5e0000 JavaThread "Cache worker for execution history cache (C:\Users\User\.gradle\caches\6.1.1\executionHistory)" [_thread_blocked, id=39276, stack(0x0000000022290000,0x0000000022390000)]
  0x000000001c5e5800 JavaThread "Cache worker for cache directory md-rule (C:\Users\User\.gradle\caches\6.1.1\md-rule)" [_thread_blocked, id=41268, stack(0x0000000022190000,0x0000000022290000)]
  0x000000001c5e3000 JavaThread "Cache worker for cache directory md-supplier (C:\Users\User\.gradle\caches\6.1.1\md-supplier)" [_thread_blocked, id=40676, stack(0x0000000020df0000,0x0000000020ef0000)]
  0x000000001c5e4800 JavaThread "Cache worker for file hash cache (C:\Users\User\AndroidStudioProjects\CovidFight\.gradle\6.1.1\fileHashes)" [_thread_blocked, id=11856, stack(0x0000000020be0000,0x0000000020ce0000)]
  0x000000001c5e4000 JavaThread "Cache worker for checksums cache (C:\Users\User\AndroidStudioProjects\CovidFight\.gradle\checksums)" [_thread_blocked, id=34340, stack(0x0000000020cf0000,0x0000000020df0000)]
  0x000000001c5df800 JavaThread "Cache worker for file hash cache (C:\Users\User\.gradle\caches\6.1.1\fileHashes)" [_thread_blocked, id=36068, stack(0x000000001e6b0000,0x000000001e7b0000)]
  0x000000001c5de800 JavaThread "File lock request listener" [_thread_in_native, id=20352, stack(0x000000001e5b0000,0x000000001e6b0000)]
  0x000000001c46c800 JavaThread "Cache worker for journal cache (C:\Users\User\.gradle\caches\journal-1)" [_thread_blocked, id=20636, stack(0x000000001e4b0000,0x000000001e5b0000)]
  0x000000001c4b2000 JavaThread "Thread-9" [_thread_blocked, id=16616, stack(0x000000001e1b0000,0x000000001e2b0000)]
  0x000000001c453000 JavaThread "Stdin handler" [_thread_blocked, id=31852, stack(0x000000001e0b0000,0x000000001e1b0000)]
  0x000000001c452000 JavaThread "Asynchronous log dispatcher for DefaultDaemonConnection: socket connection from /127.0.0.1:63744 to /127.0.0.1:63745" [_thread_blocked, id=13244, stack(0x000000001dfb0000,0x000000001e0b0000)]
  0x000000001c44c800 JavaThread "Daemon worker" [_thread_in_vm, id=38052, stack(0x000000001deb0000,0x000000001dfb0000)]
  0x000000001c49b800 JavaThread "Cancel handler" [_thread_blocked, id=30960, stack(0x000000001ddb0000,0x000000001deb0000)]
  0x000000001c41d800 JavaThread "Handler for socket connection from /127.0.0.1:63744 to /127.0.0.1:63745" [_thread_in_native, id=2160, stack(0x000000001dab0000,0x000000001dbb0000)]
  0x000000001c418800 JavaThread "Daemon" [_thread_blocked, id=41672, stack(0x000000001d9b0000,0x000000001dab0000)]
  0x000000001c3c4000 JavaThread "Daemon periodic checks" [_thread_blocked, id=29352, stack(0x000000001d8b0000,0x000000001d9b0000)]
  0x000000001c311800 JavaThread "Incoming local TCP Connector on port 63744" [_thread_in_native, id=31724, stack(0x000000001d670000,0x000000001d770000)]
  0x000000001c3b8000 JavaThread "Daemon health stats" [_thread_blocked, id=3036, stack(0x000000001d030000,0x000000001d130000)]
  0x0000000019a46800 JavaThread "Service Thread" daemon [_thread_blocked, id=33560, stack(0x000000001a690000,0x000000001a790000)]
  0x00000000199d2800 JavaThread "C1 CompilerThread3" daemon [_thread_in_vm, id=31360, stack(0x000000001a590000,0x000000001a690000)]
  0x00000000199cb000 JavaThread "C2 CompilerThread2" daemon [_thread_in_native, id=39548, stack(0x000000001a490000,0x000000001a590000)]
=>0x0000000017bcc000 JavaThread "C2 CompilerThread1" daemon [_thread_in_native, id=32108, stack(0x000000001a390000,0x000000001a490000)]
  0x0000000017bc9000 JavaThread "C2 CompilerThread0" daemon [_thread_in_native, id=39264, stack(0x000000001a290000,0x000000001a390000)]
  0x00000000199c3800 JavaThread "Attach Listener" daemon [_thread_blocked, id=18676, stack(0x000000001a190000,0x000000001a290000)]
  0x00000000199c6000 JavaThread "Signal Dispatcher" daemon [_thread_blocked, id=39452, stack(0x000000001a090000,0x000000001a190000)]
  0x0000000002aec800 JavaThread "Finalizer" daemon [_thread_blocked, id=35424, stack(0x0000000019e90000,0x0000000019f90000)]
  0x00000000199b0800 JavaThread "Reference Handler" daemon [_thread_blocked, id=22968, stack(0x0000000019d90000,0x0000000019e90000)]
  0x0000000002b4e000 JavaThread "main" [_thread_blocked, id=27300, stack(0x00000000028d0000,0x00000000029d0000)]

Other Threads:
  0x0000000017bb8000 VMThread [stack: 0x0000000019890000,0x0000000019990000] [id=33872]
  0x0000000019a47000 WatcherThread [stack: 0x000000001a790000,0x000000001a890000] [id=12048]

VM state:not at safepoint (normal execution)

VM Mutex/Monitor currently owned by a thread: None

heap address: 0x0000000080000000, size: 2048 MB, Compressed Oops mode: 32-bit
Narrow klass base: 0x0000000000000000, Narrow klass shift: 3
Compressed class space size: 1073741824 Address: 0x0000000100000000

Heap:
 PSYoungGen      total 160768K, used 100942K [0x00000000d5580000, 0x00000000e0e80000, 0x0000000100000000)
  eden space 148992K, 59% used [0x00000000d5580000,0x00000000dac942e0,0x00000000de700000)
  from space 11776K, 99% used [0x00000000e0300000,0x00000000e0e7f608,0x00000000e0e80000)
  to   space 12800K, 0% used [0x00000000df580000,0x00000000df580000,0x00000000e0200000)
 ParOldGen       total 97280K, used 16256K [0x0000000080000000, 0x0000000085f00000, 0x00000000d5580000)
  object space 97280K, 16% used [0x0000000080000000,0x0000000080fe0338,0x0000000085f00000)
 Metaspace       used 50763K, capacity 52534K, committed 52776K, reserved 1095680K
  class space    used 6801K, capacity 7210K, committed 7216K, reserved 1048576K

Card table byte_map: [0x0000000011f10000,0x0000000012320000] byte_map_base: 0x0000000011b10000

Marking Bits: (ParMarkBitMap*) 0x000000006a34f030
 Begin Bits: [0x0000000012dd0000, 0x0000000014dd0000)
 End Bits:   [0x0000000014dd0000, 0x0000000016dd0000)

Polling page: 0x0000000000ce0000

CodeCache: size=245760Kb used=14379Kb max_used=14379Kb free=231380Kb
 bounds [0x0000000002b50000, 0x0000000003970000, 0x0000000011b50000]
 total_blobs=4885 nmethods=4118 adapters=679
 compilation: enabled

Compilation events (10 events):
Event: 7.935 Thread 0x00000000199d2800 4522       3       java.util.HashMap$EntrySet::iterator (12 bytes)
Event: 7.935 Thread 0x00000000199d2800 nmethod 4522 0x000000000395fd10 code [0x000000000395fe80, 0x00000000039600e8]
Event: 7.935 Thread 0x00000000199d2800 4523       3       java.util.HashMap$EntryIterator::<init> (11 bytes)
Event: 7.936 Thread 0x00000000199d2800 nmethod 4523 0x00000000039601d0 code [0x0000000003960340, 0x00000000039604e8]
Event: 7.936 Thread 0x00000000199d2800 4524       3       sun.reflect.annotation.AnnotationParser::parseArray (226 bytes)
Event: 7.937 Thread 0x00000000199d2800 nmethod 4524 0x0000000003960590 code [0x0000000003960820, 0x0000000003961438]
Event: 7.937 Thread 0x00000000199d2800 4525   !   3       com.sun.proxy.$Proxy12::annotationType (29 bytes)
Event: 7.937 Thread 0x00000000199d2800 nmethod 4525 0x00000000039617d0 code [0x0000000003961960, 0x0000000003961d98]
Event: 7.938 Thread 0x00000000199d2800 4526       3       java.util.LinkedHashMap$LinkedValues::size (8 bytes)
Event: 7.938 Thread 0x00000000199d2800 nmethod 4526 0x0000000003961f50 code [0x00000000039620a0, 0x00000000039621f0]

GC Heap History (10 events):
Event: 3.879 GC heap before
{Heap before GC invocations=6 (full 1):
 PSYoungGen      total 75776K, used 65024K [0x00000000d5580000, 0x00000000de980000, 0x0000000100000000)
  eden space 65024K, 100% used [0x00000000d5580000,0x00000000d9500000,0x00000000d9500000)
  from space 10752K, 0% used [0x00000000d9f80000,0x00000000d9f80000,0x00000000daa00000)
  to   space 10752K, 0% used [0x00000000d9500000,0x00000000d9500000,0x00000000d9f80000)
 ParOldGen       total 97280K, used 7204K [0x0000000080000000, 0x0000000085f00000, 0x00000000d5580000)
  object space 97280K, 7% used [0x0000000080000000,0x0000000080709218,0x0000000085f00000)
 Metaspace       used 28241K, capacity 28972K, committed 29232K, reserved 1075200K
  class space    used 3895K, capacity 4127K, committed 4144K, reserved 1048576K
Event: 3.884 GC heap after
Heap after GC invocations=6 (full 1):
 PSYoungGen      total 75776K, used 8432K [0x00000000d5580000, 0x00000000dd300000, 0x0000000100000000)
  eden space 65024K, 0% used [0x00000000d5580000,0x00000000d5580000,0x00000000d9500000)
  from space 10752K, 78% used [0x00000000d9500000,0x00000000d9d3c0a8,0x00000000d9f80000)
  to   space 12288K, 0% used [0x00000000dc700000,0x00000000dc700000,0x00000000dd300000)
 ParOldGen       total 97280K, used 7212K [0x0000000080000000, 0x0000000085f00000, 0x00000000d5580000)
  object space 97280K, 7% used [0x0000000080000000,0x000000008070b218,0x0000000085f00000)
 Metaspace       used 28241K, capacity 28972K, committed 29232K, reserved 1075200K
  class space    used 3895K, capacity 4127K, committed 4144K, reserved 1048576K
}
Event: 4.488 GC heap before
{Heap before GC invocations=7 (full 1):
 PSYoungGen      total 75776K, used 73456K [0x00000000d5580000, 0x00000000dd300000, 0x0000000100000000)
  eden space 65024K, 100% used [0x00000000d5580000,0x00000000d9500000,0x00000000d9500000)
  from space 10752K, 78% used [0x00000000d9500000,0x00000000d9d3c0a8,0x00000000d9f80000)
  to   space 12288K, 0% used [0x00000000dc700000,0x00000000dc700000,0x00000000dd300000)
 ParOldGen       total 97280K, used 7212K [0x0000000080000000, 0x0000000085f00000, 0x00000000d5580000)
  object space 97280K, 7% used [0x0000000080000000,0x000000008070b218,0x0000000085f00000)
 Metaspace       used 32307K, capacity 33112K, committed 33456K, reserved 1077248K
  class space    used 4413K, capacity 4673K, committed 4784K, reserved 1048576K
Event: 4.500 GC heap after
Heap after GC invocations=7 (full 1):
 PSYoungGen      total 115200K, used 8631K [0x00000000d5580000, 0x00000000dd200000, 0x0000000100000000)
  eden space 103936K, 0% used [0x00000000d5580000,0x00000000d5580000,0x00000000dbb00000)
  from space 11264K, 76% used [0x00000000dc700000,0x00000000dcf6dd98,0x00000000dd200000)
  to   space 11776K, 0% used [0x00000000dbb00000,0x00000000dbb00000,0x00000000dc680000)
 ParOldGen       total 97280K, used 7220K [0x0000000080000000, 0x0000000085f00000, 0x00000000d5580000)
  object space 97280K, 7% used [0x0000000080000000,0x000000008070d218,0x0000000085f00000)
 Metaspace       used 32307K, capacity 33112K, committed 33456K, reserved 1077248K
  class space    used 4413K, capacity 4673K, committed 4784K, reserved 1048576K
}
Event: 5.022 GC heap before
{Heap before GC invocations=8 (full 1):
 PSYoungGen      total 115200K, used 57755K [0x00000000d5580000, 0x00000000dd200000, 0x0000000100000000)
  eden space 103936K, 47% used [0x00000000d5580000,0x00000000d8579110,0x00000000dbb00000)
  from space 11264K, 76% used [0x00000000dc700000,0x00000000dcf6dd98,0x00000000dd200000)
  to   space 11776K, 0% used [0x00000000dbb00000,0x00000000dbb00000,0x00000000dc680000)
 ParOldGen       total 97280K, used 7220K [0x0000000080000000, 0x0000000085f00000, 0x00000000d5580000)
  object space 97280K, 7% used [0x0000000080000000,0x000000008070d218,0x0000000085f00000)
 Metaspace       used 34600K, capacity 35402K, committed 35496K, reserved 1079296K
  class space    used 4745K, capacity 4972K, committed 5040K, reserved 1048576K
Event: 5.033 GC heap after
Heap after GC invocations=8 (full 1):
 PSYoungGen      total 115712K, used 9019K [0x00000000d5580000, 0x00000000e0e80000, 0x0000000100000000)
  eden space 103936K, 0% used [0x00000000d5580000,0x00000000d5580000,0x00000000dbb00000)
  from space 11776K, 76% used [0x00000000dbb00000,0x00000000dc3cef70,0x00000000dc680000)
  to   space 11776K, 0% used [0x00000000e0300000,0x00000000e0300000,0x00000000e0e80000)
 ParOldGen       total 97280K, used 7228K [0x0000000080000000, 0x0000000085f00000, 0x00000000d5580000)
  object space 97280K, 7% used [0x0000000080000000,0x000000008070f218,0x0000000085f00000)
 Metaspace       used 34600K, capacity 35402K, committed 35496K, reserved 1079296K
  class space    used 4745K, capacity 4972K, committed 5040K, reserved 1048576K
}
Event: 5.033 GC heap before
{Heap before GC invocations=9 (full 2):
 PSYoungGen      total 115712K, used 9019K [0x00000000d5580000, 0x00000000e0e80000, 0x0000000100000000)
  eden space 103936K, 0% used [0x00000000d5580000,0x00000000d5580000,0x00000000dbb00000)
  from space 11776K, 76% used [0x00000000dbb00000,0x00000000dc3cef70,0x00000000dc680000)
  to   space 11776K, 0% used [0x00000000e0300000,0x00000000e0300000,0x00000000e0e80000)
 ParOldGen       total 97280K, used 7228K [0x0000000080000000, 0x0000000085f00000, 0x00000000d5580000)
  object space 97280K, 7% used [0x0000000080000000,0x000000008070f218,0x0000000085f00000)
 Metaspace       used 34600K, capacity 35402K, committed 35496K, reserved 1079296K
  class space    used 4745K, capacity 4972K, committed 5040K, reserved 1048576K
Event: 5.093 GC heap after
Heap after GC invocations=9 (full 2):
 PSYoungGen      total 115712K, used 0K [0x00000000d5580000, 0x00000000e0e80000, 0x0000000100000000)
  eden space 103936K, 0% used [0x00000000d5580000,0x00000000d5580000,0x00000000dbb00000)
  from space 11776K, 0% used [0x00000000dbb00000,0x00000000dbb00000,0x00000000dc680000)
  to   space 11776K, 0% used [0x00000000e0300000,0x00000000e0300000,0x00000000e0e80000)
 ParOldGen       total 97280K, used 15535K [0x0000000080000000, 0x0000000085f00000, 0x00000000d5580000)
  object space 97280K, 15% used [0x0000000080000000,0x0000000080f2be98,0x0000000085f00000)
 Metaspace       used 34600K, capacity 35402K, committed 35496K, reserved 1079296K
  class space    used 4745K, capacity 4972K, committed 5040K, reserved 1048576K
}
Event: 6.693 GC heap before
{Heap before GC invocations=10 (full 2):
 PSYoungGen      total 115712K, used 103936K [0x00000000d5580000, 0x00000000e0e80000, 0x0000000100000000)
  eden space 103936K, 100% used [0x00000000d5580000,0x00000000dbb00000,0x00000000dbb00000)
  from space 11776K, 0% used [0x00000000dbb00000,0x00000000dbb00000,0x00000000dc680000)
  to   space 11776K, 0% used [0x00000000e0300000,0x00000000e0300000,0x00000000e0e80000)
 ParOldGen       total 97280K, used 15535K [0x0000000080000000, 0x0000000085f00000, 0x00000000d5580000)
  object space 97280K, 15% used [0x0000000080000000,0x0000000080f2be98,0x0000000085f00000)
 Metaspace       used 43964K, capacity 45408K, committed 45480K, reserved 1089536K
  class space    used 5952K, capacity 6298K, committed 6320K, reserved 1048576K
Event: 6.710 GC heap after
Heap after GC invocations=10 (full 2):
 PSYoungGen      total 160768K, used 11773K [0x00000000d5580000, 0x00000000e0e80000, 0x0000000100000000)
  eden space 148992K, 0% used [0x00000000d5580000,0x00000000d5580000,0x00000000de700000)
  from space 11776K, 99% used [0x00000000e0300000,0x00000000e0e7f608,0x00000000e0e80000)
  to   space 12800K, 0% used [0x00000000df580000,0x00000000df580000,0x00000000e0200000)
 ParOldGen       total 97280K, used 16256K [0x0000000080000000, 0x0000000085f00000, 0x00000000d5580000)
  object space 97280K, 16% used [0x0000000080000000,0x0000000080fe0338,0x0000000085f00000)
 Metaspace       used 43964K, capacity 45408K, committed 45480K, reserved 1089536K
  class space    used 5952K, capacity 6298K, committed 6320K, reserved 1048576K
}

Deoptimization events (10 events):
Event: 6.793 Thread 0x000000001c44c800 Uncommon trap: reason=unstable_if action=reinterpret pc=0x0000000002d06770 method=java.security.CodeSource.<init>(Ljava/net/URL;[Ljava/security/CodeSigner;)V @ 25
Event: 6.795 Thread 0x000000001c44c800 Uncommon trap: reason=unstable_if action=reinterpret pc=0x00000000030d5bec method=java.security.CodeSource.getCertificates()[Ljava/security/cert/Certificate; @ 22
Event: 6.796 Thread 0x000000001c44c800 Uncommon trap: reason=unstable_if action=reinterpret pc=0x000000000360abc4 method=java.security.CodeSource.matchCerts(Ljava/security/CodeSource;Z)Z @ 11
Event: 6.826 Thread 0x000000001c44c800 Uncommon trap: reason=unstable_if action=reinterpret pc=0x0000000002e63118 method=java.util.LinkedHashMap.get(Ljava/lang/Object;)Ljava/lang/Object; @ 20
Event: 6.973 Thread 0x000000001c44c800 Uncommon trap: reason=unstable_if action=reinterpret pc=0x00000000031e8c28 method=org.objectweb.asm.ByteVector.putUTF8(Ljava/lang/String;)Lorg/objectweb/asm/ByteVector; @ 93
Event: 7.431 Thread 0x000000001c44c800 Uncommon trap: reason=unstable_if action=reinterpret pc=0x0000000002d40c70 method=org.gradle.internal.reflect.PropertyAccessorType.of(Ljava/lang/reflect/Method;)Lorg/gradle/internal/reflect/PropertyAccessorType; @ 56
Event: 7.642 Thread 0x000000001c44c800 Uncommon trap: reason=unstable_if action=reinterpret pc=0x0000000003823030 method=org.gradle.internal.instantiation.generator.AbstractClassGenerator$InjectionAnnotationValidator.validateMethod(Ljava/lang/reflect/Method;Lorg/gradle/internal/reflect/Propert
Event: 7.642 Thread 0x000000001c44c800 Uncommon trap: reason=unstable_if action=reinterpret pc=0x00000000038351ac method=org.gradle.internal.instantiation.generator.AbstractClassGenerator$InjectionAnnotationValidator.validateMethod(Ljava/lang/reflect/Method;Lorg/gradle/internal/reflect/Propert
Event: 7.726 Thread 0x000000001c44c800 Uncommon trap: reason=class_check action=maybe_recompile pc=0x000000000329bbe8 method=java.util.WeakHashMap.eq(Ljava/lang/Object;Ljava/lang/Object;)Z @ 7
Event: 7.737 Thread 0x000000001c44c800 Uncommon trap: reason=unstable_if action=reinterpret pc=0x00000000036cd6c0 method=org.codehaus.groovy.reflection.CachedMethod.compareToMethod(Ljava/lang/reflect/Method;)I @ 43

Classes redefined (0 events):
No events

Internal exceptions (10 events):
Event: 7.758 Thread 0x000000001c44c800 Exception <a 'java/lang/ClassNotFoundException': org/gradle/api/internal/file/AbstractFileCollectionBeanInfo> (0x00000000d9ebdab0) thrown at [C:\src\AOSP-openjdk-git\hotspot\src\share\vm\classfile\systemDictionary.cpp, line 210]
Event: 7.759 Thread 0x000000001c44c800 Exception <a 'java/lang/ClassNotFoundException': org/gradle/api/internal/file/AbstractFileCollectionCustomizer> (0x00000000d9efd0f8) thrown at [C:\src\AOSP-openjdk-git\hotspot\src\share\vm\classfile\systemDictionary.cpp, line 210]
Event: 7.761 Thread 0x000000001c44c800 Exception <a 'java/lang/ClassNotFoundException': org/gradle/api/internal/file/CompositeFileCollectionCustomizer> (0x00000000d9f4d908) thrown at [C:\src\AOSP-openjdk-git\hotspot\src\share\vm\classfile\systemDictionary.cpp, line 210]
Event: 7.762 Thread 0x000000001c44c800 Exception <a 'java/lang/ClassNotFoundException': org/gradle/api/internal/file/CompositeFileTreeCustomizer> (0x00000000d9f97f08) thrown at [C:\src\AOSP-openjdk-git\hotspot\src\share\vm\classfile\systemDictionary.cpp, line 210]
Event: 7.763 Thread 0x000000001c44c800 Exception <a 'java/lang/ClassNotFoundException': org/gradle/api/internal/file/collections/DefaultConfigurableFileTreeCustomizer> (0x00000000d9feeb10) thrown at [C:\src\AOSP-openjdk-git\hotspot\src\share\vm\classfile\systemDictionary.cpp, line 210]
Event: 7.885 Thread 0x000000001c44c800 Exception <a 'java/lang/ClassNotFoundException': org/gradle/api/plugins/internal/DefaultBasePluginConventionBeanInfo> (0x00000000da73e0b8) thrown at [C:\src\AOSP-openjdk-git\hotspot\src\share\vm\classfile\systemDictionary.cpp, line 210]
Event: 7.886 Thread 0x000000001c44c800 Exception <a 'java/lang/ClassNotFoundException': org/gradle/api/plugins/BasePluginConventionBeanInfo> (0x00000000da769b20) thrown at [C:\src\AOSP-openjdk-git\hotspot\src\share\vm\classfile\systemDictionary.cpp, line 210]
Event: 7.886 Thread 0x000000001c44c800 Exception <a 'java/lang/ClassNotFoundException': org/gradle/api/plugins/BasePluginConventionCustomizer> (0x00000000da795d08) thrown at [C:\src\AOSP-openjdk-git\hotspot\src\share\vm\classfile\systemDictionary.cpp, line 210]
Event: 7.887 Thread 0x000000001c44c800 Exception <a 'java/lang/ClassNotFoundException': org/gradle/api/plugins/internal/DefaultBasePluginConventionCustomizer> (0x00000000da7df568) thrown at [C:\src\AOSP-openjdk-git\hotspot\src\share\vm\classfile\systemDictionary.cpp, line 210]
Event: 7.893 Thread 0x000000001c44c800 Exception <a 'java/lang/NoSuchMethodError': java.lang.Object.lambda$comparingInt$7b0bb60$1(Ljava/util/function/ToIntFunction;Ljava/lang/Object;Ljava/lang/Object;)I> (0x00000000da850520) thrown at [C:\src\AOSP-openjdk-git\hotspot\src\share\vm\interpreter\l

Events (10 events):
Event: 7.932 loading class com/google/wireless/android/sdk/stats/GradleBuildVariant$DexMergerTool
Event: 7.932 loading class com/google/wireless/android/sdk/stats/GradleBuildVariant$DexMergerTool done
Event: 7.933 loading class com/google/wireless/android/sdk/stats/GradleBuildVariant$DexMergerTool$1
Event: 7.933 loading class com/google/wireless/android/sdk/stats/GradleBuildVariant$DexMergerTool$1 done
Event: 7.933 loading class com/google/wireless/android/sdk/stats/TestRun$TestExecution
Event: 7.933 loading class com/google/wireless/android/sdk/stats/TestRun$TestExecution done
Event: 7.934 loading class com/google/wireless/android/sdk/stats/TestRun$TestExecution$1
Event: 7.934 loading class com/google/wireless/android/sdk/stats/TestRun$TestExecution$1 done
Event: 7.934 loading class com/android/build/gradle/internal/VariantManager
Event: 7.934 loading class com/android/build/gradle/internal/VariantManager done


Dynamic libraries:
0x00007ff70a240000 - 0x00007ff70a271000 	C:\Program Files\Android\Android Studio\jre\bin\java.exe
0x00007ff9dfde0000 - 0x00007ff9dffd0000 	C:\WINDOWS\SYSTEM32\ntdll.dll
0x00007ff9de970000 - 0x00007ff9dea22000 	C:\WINDOWS\System32\KERNEL32.DLL
0x00007ff9ddaa0000 - 0x00007ff9ddd45000 	C:\WINDOWS\System32\KERNELBASE.dll
0x00007ff9de0b0000 - 0x00007ff9de153000 	C:\WINDOWS\System32\ADVAPI32.dll
0x00007ff9dea30000 - 0x00007ff9deace000 	C:\WINDOWS\System32\msvcrt.dll
0x00007ff9dec10000 - 0x00007ff9deca7000 	C:\WINDOWS\System32\sechost.dll
0x00007ff9df090000 - 0x00007ff9df1b0000 	C:\WINDOWS\System32\RPCRT4.dll
0x00007ff9dfc00000 - 0x00007ff9dfd95000 	C:\WINDOWS\System32\USER32.dll
0x00007ff9dd280000 - 0x00007ff9dd2a1000 	C:\WINDOWS\System32\win32u.dll
0x00007ff9ddf40000 - 0x00007ff9ddf66000 	C:\WINDOWS\System32\GDI32.dll
0x00007ff9dce70000 - 0x00007ff9dd006000 	C:\WINDOWS\System32\gdi32full.dll
0x00007ff9dd090000 - 0x00007ff9dd12e000 	C:\WINDOWS\System32\msvcp_win.dll
0x00007ff9dcd70000 - 0x00007ff9dce6a000 	C:\WINDOWS\System32\ucrtbase.dll
0x00007ff9d09f0000 - 0x00007ff9d0c74000 	C:\WINDOWS\WinSxS\amd64_microsoft.windows.common-controls_6595b64144ccf1df_6.0.18362.1082_none_9e8193e1e45b25c1\COMCTL32.dll
0x00007ff9de160000 - 0x00007ff9de495000 	C:\WINDOWS\System32\combase.dll
0x00007ff9dd010000 - 0x00007ff9dd090000 	C:\WINDOWS\System32\bcryptPrimitives.dll
0x00007ff9dde90000 - 0x00007ff9ddebe000 	C:\WINDOWS\System32\IMM32.DLL
0x00000000688e0000 - 0x00000000689b2000 	C:\Program Files\Android\Android Studio\jre\jre\bin\msvcr100.dll
0x0000000069b80000 - 0x000000006a3cb000 	C:\Program Files\Android\Android Studio\jre\jre\bin\server\jvm.dll
0x00007ff9deb90000 - 0x00007ff9deb98000 	C:\WINDOWS\System32\PSAPI.DLL
0x00007ff9d2e80000 - 0x00007ff9d2ea4000 	C:\WINDOWS\SYSTEM32\WINMM.dll
0x00007ff9cee70000 - 0x00007ff9cee79000 	C:\WINDOWS\SYSTEM32\WSOCK32.dll
0x00007ff9d6ec0000 - 0x00007ff9d6eca000 	C:\WINDOWS\SYSTEM32\VERSION.dll
0x00007ff9deba0000 - 0x00007ff9dec0f000 	C:\WINDOWS\System32\WS2_32.dll
0x00007ff9d2c30000 - 0x00007ff9d2c5d000 	C:\WINDOWS\SYSTEM32\WINMMBASE.dll
0x00007ff9dda30000 - 0x00007ff9dda7a000 	C:\WINDOWS\System32\cfgmgr32.dll
0x00007ff9d7e00000 - 0x00007ff9d7e0f000 	C:\Program Files\Android\Android Studio\jre\jre\bin\verify.dll
0x00007ff9d2170000 - 0x00007ff9d2199000 	C:\Program Files\Android\Android Studio\jre\jre\bin\java.dll
0x00007ff9d2630000 - 0x00007ff9d2646000 	C:\Program Files\Android\Android Studio\jre\jre\bin\zip.dll
0x00007ff9df1b0000 - 0x00007ff9df897000 	C:\WINDOWS\System32\SHELL32.dll
0x00007ff9df900000 - 0x00007ff9df9a9000 	C:\WINDOWS\System32\shcore.dll
0x00007ff9dd2b0000 - 0x00007ff9dda30000 	C:\WINDOWS\System32\windows.storage.dll
0x00007ff9dccf0000 - 0x00007ff9dcd13000 	C:\WINDOWS\System32\profapi.dll
0x00007ff9dcd20000 - 0x00007ff9dcd6a000 	C:\WINDOWS\System32\powrprof.dll
0x00007ff9dcca0000 - 0x00007ff9dccb0000 	C:\WINDOWS\System32\UMPDC.dll
0x00007ff9df8a0000 - 0x00007ff9df8f2000 	C:\WINDOWS\System32\shlwapi.dll
0x00007ff9dccb0000 - 0x00007ff9dccc1000 	C:\WINDOWS\System32\kernel.appcore.dll
0x00007ff9dda80000 - 0x00007ff9dda97000 	C:\WINDOWS\System32\cryptsp.dll
0x00007ff9d2240000 - 0x00007ff9d225a000 	C:\Program Files\Android\Android Studio\jre\jre\bin\net.dll
0x00007ff9dc4f0000 - 0x00007ff9dc557000 	C:\WINDOWS\system32\mswsock.dll
0x00007ff9d1b90000 - 0x00007ff9d1ba3000 	C:\Program Files\Android\Android Studio\jre\jre\bin\nio.dll
0x00007ff9cd470000 - 0x00007ff9cd496000 	C:\Users\User\.gradle\native\31\windows-amd64\native-platform.dll
0x00007ff9d7b50000 - 0x00007ff9d7b5d000 	C:\Program Files\Android\Android Studio\jre\jre\bin\management.dll
0x00007ff9dc000000 - 0x00007ff9dc033000 	C:\WINDOWS\system32\rsaenh.dll
0x00007ff9ddd50000 - 0x00007ff9ddd76000 	C:\WINDOWS\System32\bcrypt.dll
0x00007ff9dcbc0000 - 0x00007ff9dcbe5000 	C:\WINDOWS\SYSTEM32\USERENV.dll
0x00007ff9dc6c0000 - 0x00007ff9dc6cc000 	C:\WINDOWS\SYSTEM32\CRYPTBASE.dll
0x00007ff9dc200000 - 0x00007ff9dc23a000 	C:\WINDOWS\SYSTEM32\IPHLPAPI.DLL
0x00007ff9dee60000 - 0x00007ff9dee68000 	C:\WINDOWS\System32\NSI.dll
0x00007ff9d56d0000 - 0x00007ff9d56e6000 	C:\WINDOWS\SYSTEM32\dhcpcsvc6.DLL
0x00007ff9d56b0000 - 0x00007ff9d56cc000 	C:\WINDOWS\SYSTEM32\dhcpcsvc.DLL
0x00007ff9dc240000 - 0x00007ff9dc30b000 	C:\WINDOWS\SYSTEM32\DNSAPI.dll

VM Arguments:
jvm_args: -Xmx2048m -Dfile.encoding=windows-1252 -Duser.country=US -Duser.language=en -Duser.variant 
java_command: org.gradle.launcher.daemon.bootstrap.GradleDaemon 6.1.1
java_class_path (initial): C:\Users\User\.gradle\wrapper\dists\gradle-6.1.1-all\cfmwm155h49vnt3hynmlrsdst\gradle-6.1.1\lib\gradle-launcher-6.1.1.jar
Launcher Type: SUN_STANDARD

Environment Variables:
JAVA_HOME=C:\Program Files\Amazon Corretto\jdk1.8.0_232
PATH=C:\Program Files\Amazon Corretto\jdk1.8.0_232\bin;C:\WINDOWS\system32;C:\WINDOWS;C:\WINDOWS\System32\Wbem;C:\WINDOWS\System32\WindowsPowerShell\v1.0\;C:\WINDOWS\System32\OpenSSH\;C:\Program Files\NVIDIA Corporation\NVIDIA NvDLISR;C:\Program Files (x86)\NVIDIA Corporation\PhysX\Common;C:\WINDOWS\system32;C:\WINDOWS;C:\WINDOWS\System32\Wbem;C:\WINDOWS\System32\WindowsPowerShell\v1.0\;C:\WINDOWS\System32\OpenSSH\;C:\Program Files\Intel\WiFi\bin\;C:\Program Files\Common Files\Intel\WirelessCommon\;D:\Git\cmd;C:\Program Files (x86)\Intel\Intel(R) Management Engine Components\DAL;C:\Program Files\Intel\Intel(R) Management Engine Components\DAL;C:\Program Files\PuTTY\;C:\Users\User\AppData\Local\Microsoft\WindowsApps;C:\Program Files\Intel\WiFi\bin\;C:\Program Files\Common Files\Intel\WirelessCommon\;C:\Users\User\AppData\Local\GitHubDesktop\bin;C:\Users\User\AppData\Local\atom\bin;C:\Users\User\AppData\Local\Programs\Microsoft VS Code\bin
USERNAME=User
OS=Windows_NT
PROCESSOR_IDENTIFIER=Intel64 Family 6 Model 158 Stepping 9, GenuineIntel



---------------  S Y S T E M  ---------------

OS: Windows 10.0 , 64 bit Build 18362 (10.0.18362.1082)

CPU:total 8 (initial active 8) (4 cores per cpu, 2 threads per core) family 6 model 158 stepping 9, cmov, cx8, fxsr, mmx, sse, sse2, sse3, ssse3, sse4.1, sse4.2, popcnt, avx, avx2, aes, clmul, erms, 3dnowpref, lzcnt, ht, tsc, tscinvbit, bmi1, bmi2, adx

Memory: 4k page, physical 16640252k(529844k free), swap 32119632k(5248k free)

vm_info: OpenJDK 64-Bit Server VM (25.242-b01) for windows-amd64 JRE (1.8.0_242-release-1644-b01), built by "builder" with MS VC++ 10.0 (VS2010)

time: Sun Sep 20 23:42:20 2020
timezone: Eastern Daylight Time
elapsed time: 7 seconds (0d 0h 0m 7s)

