#
# There is insufficient memory for the Java Runtime Environment to continue.
# Native memory allocation (malloc) failed to allocate 1418736 bytes for Chunk::new
# Possible reasons:
#   The system is out of physical RAM or swap space
#   The process is running with CompressedOops enabled, and the Java Heap may be blocking the growth of the native heap
# Possible solutions:
#   Reduce memory load on the system
#   Increase physical memory or swap space
#   Check if swap backing store is full
#   Decrease Java heap size (-Xmx/-Xms)
#   Decrease number of Java threads
#   Decrease Java thread stack sizes (-Xss)
#   Set larger code cache with -XX:ReservedCodeCacheSize=
#   JVM is running with Unscaled Compressed Oops mode in which the Java heap is
#     placed in the first 4GB address space. The Java Heap base address is the
#     maximum limit for the native heap growth. Please use -XX:HeapBaseMinAddress
#     to set the Java Heap base and to place the Java Heap above 4GB virtual address.
# This output file may be truncated or incomplete.
#
#  Out of Memory Error (allocation.cpp:389), pid=30528, tid=0x0000000000000c68
#
# JRE version: OpenJDK Runtime Environment (8.0_242-b01) (build 1.8.0_242-release-1644-b01)
# Java VM: OpenJDK 64-Bit Server VM (25.242-b01 mixed mode windows-amd64 compressed oops)
# Failed to write core dump. Minidumps are not enabled by default on client versions of Windows
#

---------------  T H R E A D  ---------------

Current thread (0x00000000184cd000):  JavaThread "C2 CompilerThread1" daemon [_thread_in_native, id=3176, stack(0x000000001aca0000,0x000000001ada0000)]

Stack: [0x000000001aca0000,0x000000001ada0000]
[error occurred during error reporting (printing stack bounds), id 0xc0000005]

Native frames: (J=compiled Java code, j=interpreted, Vv=VM code, C=native code)


Current CompileTask:
C2:   6334 3431       4       groovy.lang.MetaClassImpl$1MOPIter::methodNameAction (325 bytes)


---------------  P R O C E S S  ---------------

Java Threads: ( => current thread )
  0x000000001fd1b800 JavaThread "Build operations Thread 8" [_thread_blocked, id=19064, stack(0x0000000024f30000,0x0000000025030000)]
  0x000000001fd21800 JavaThread "Build operations Thread 7" [_thread_blocked, id=30232, stack(0x0000000024e30000,0x0000000024f30000)]
  0x000000001fd1f800 JavaThread "Build operations Thread 6" [_thread_blocked, id=38432, stack(0x0000000024a80000,0x0000000024b80000)]
  0x000000001fd1e800 JavaThread "Build operations Thread 5" [_thread_blocked, id=38336, stack(0x0000000024980000,0x0000000024a80000)]
  0x000000001fd1b000 JavaThread "Build operations Thread 4" [_thread_blocked, id=41060, stack(0x0000000024880000,0x0000000024980000)]
  0x000000001fd21000 JavaThread "Build operations Thread 3" [_thread_blocked, id=11768, stack(0x0000000024780000,0x0000000024880000)]
  0x000000001fd1c800 JavaThread "Build operations Thread 2" [_thread_blocked, id=39024, stack(0x0000000024680000,0x0000000024780000)]
  0x000000001fd20000 JavaThread "Build operations" [_thread_blocked, id=13600, stack(0x0000000024580000,0x0000000024680000)]
  0x000000001cf04000 JavaThread "Cache worker for execution history cache (C:\Users\User\.gradle\caches\6.1.1\executionHistory)" [_thread_blocked, id=4468, stack(0x0000000022ab0000,0x0000000022bb0000)]
  0x000000001cf03800 JavaThread "Cache worker for cache directory md-rule (C:\Users\User\.gradle\caches\6.1.1\md-rule)" [_thread_blocked, id=42844, stack(0x0000000021560000,0x0000000021660000)]
  0x000000001cf01000 JavaThread "Cache worker for cache directory md-supplier (C:\Users\User\.gradle\caches\6.1.1\md-supplier)" [_thread_blocked, id=19188, stack(0x0000000021460000,0x0000000021560000)]
  0x000000001cf00800 JavaThread "Cache worker for file hash cache (C:\Users\User\AndroidStudioProjects\CovidFight\.gradle\6.1.1\fileHashes)" [_thread_blocked, id=21600, stack(0x00000000217e0000,0x00000000218e0000)]
  0x000000001cf02800 JavaThread "Cache worker for checksums cache (C:\Users\User\AndroidStudioProjects\CovidFight\.gradle\checksums)" [_thread_blocked, id=8616, stack(0x00000000216e0000,0x00000000217e0000)]
  0x000000001cf05000 JavaThread "Cache worker for file hash cache (C:\Users\User\.gradle\caches\6.1.1\fileHashes)" [_thread_blocked, id=27012, stack(0x000000001efc0000,0x000000001f0c0000)]
  0x000000001cf02000 JavaThread "File lock request listener" [_thread_in_native, id=39972, stack(0x000000001eec0000,0x000000001efc0000)]
  0x000000001d00b000 JavaThread "Cache worker for journal cache (C:\Users\User\.gradle\caches\journal-1)" [_thread_blocked, id=40100, stack(0x000000001edc0000,0x000000001eec0000)]
  0x000000001cf6d800 JavaThread "Thread-9" [_thread_blocked, id=37052, stack(0x000000001eac0000,0x000000001ebc0000)]
  0x000000001ce68800 JavaThread "Stdin handler" [_thread_blocked, id=34016, stack(0x000000001e9c0000,0x000000001eac0000)]
  0x000000001ce67800 JavaThread "Asynchronous log dispatcher for DefaultDaemonConnection: socket connection from /127.0.0.1:63662 to /127.0.0.1:63663" [_thread_blocked, id=35988, stack(0x000000001e8c0000,0x000000001e9c0000)]
  0x000000001cfba000 JavaThread "Daemon worker" [_thread_in_Java, id=36628, stack(0x000000001e7c0000,0x000000001e8c0000)]
  0x000000001cf6f000 JavaThread "Cancel handler" [_thread_blocked, id=26420, stack(0x000000001e6c0000,0x000000001e7c0000)]
  0x000000001ce2e800 JavaThread "Handler for socket connection from /127.0.0.1:63662 to /127.0.0.1:63663" [_thread_in_native, id=31912, stack(0x000000001e3c0000,0x000000001e4c0000)]
  0x000000001ce26800 JavaThread "Daemon" [_thread_blocked, id=36072, stack(0x000000001e2c0000,0x000000001e3c0000)]
  0x000000001ce3a800 JavaThread "Daemon periodic checks" [_thread_blocked, id=40004, stack(0x000000001e1c0000,0x000000001e2c0000)]
  0x000000001cdd5000 JavaThread "Incoming local TCP Connector on port 63662" [_thread_in_native, id=11292, stack(0x000000001df80000,0x000000001e080000)]
  0x000000001cd10000 JavaThread "Daemon health stats" [_thread_blocked, id=35032, stack(0x000000001d940000,0x000000001da40000)]
  0x000000001a363000 JavaThread "Service Thread" daemon [_thread_blocked, id=41760, stack(0x000000001afa0000,0x000000001b0a0000)]
  0x000000001a2e5000 JavaThread "C1 CompilerThread3" daemon [_thread_blocked, id=40904, stack(0x000000001aea0000,0x000000001afa0000)]
  0x000000001a2db000 JavaThread "C2 CompilerThread2" daemon [_thread_in_native, id=38532, stack(0x000000001ada0000,0x000000001aea0000)]
=>0x00000000184cd000 JavaThread "C2 CompilerThread1" daemon [_thread_in_native, id=3176, stack(0x000000001aca0000,0x000000001ada0000)]
  0x000000001a2d3800 JavaThread "C2 CompilerThread0" daemon [_thread_in_native, id=39276, stack(0x000000001aba0000,0x000000001aca0000)]
  0x000000001a2d2800 JavaThread "Attach Listener" daemon [_thread_blocked, id=41268, stack(0x000000001aaa0000,0x000000001aba0000)]
  0x000000001a2d6000 JavaThread "Signal Dispatcher" daemon [_thread_blocked, id=40676, stack(0x000000001a9a0000,0x000000001aaa0000)]
  0x000000001a2c0800 JavaThread "Finalizer" daemon [_thread_blocked, id=40276, stack(0x000000001a7a0000,0x000000001a8a0000)]
  0x00000000184bc000 JavaThread "Reference Handler" daemon [_thread_blocked, id=25044, stack(0x000000001a6a0000,0x000000001a7a0000)]
  0x000000000196e000 JavaThread "main" [_thread_blocked, id=39740, stack(0x0000000003190000,0x0000000003290000)]

Other Threads:
  0x00000000184b7800 VMThread [stack: 0x000000001a1a0000,0x000000001a2a0000] [id=11856]
  0x000000001a364000 WatcherThread [stack: 0x000000001b0a0000,0x000000001b1a0000] [id=37972]

VM state:not at safepoint (normal execution)

VM Mutex/Monitor currently owned by a thread: None

heap address: 0x0000000080000000, size: 2048 MB, Compressed Oops mode: 32-bit
Narrow klass base: 0x0000000000000000, Narrow klass shift: 3
Compressed class space size: 1073741824 Address: 0x0000000100000000

Heap:
 PSYoungGen      total 120832K, used 37540K [0x00000000d5580000, 0x00000000e1e80000, 0x0000000100000000)
  eden space 109056K, 34% used [0x00000000d5580000,0x00000000d7a29108,0x00000000dc000000)
  from space 11776K, 0% used [0x00000000dc000000,0x00000000dc000000,0x00000000dcb80000)
  to   space 11776K, 0% used [0x00000000e1300000,0x00000000e1300000,0x00000000e1e80000)
 ParOldGen       total 140800K, used 15551K [0x0000000080000000, 0x0000000088980000, 0x00000000d5580000)
  object space 140800K, 11% used [0x0000000080000000,0x0000000080f2fe78,0x0000000088980000)
 Metaspace       used 35975K, capacity 37234K, committed 37288K, reserved 1081344K
  class space    used 4960K, capacity 5260K, committed 5296K, reserved 1048576K

Card table byte_map: [0x0000000012810000,0x0000000012c20000] byte_map_base: 0x0000000012410000

Marking Bits: (ParMarkBitMap*) 0x000000006a34f030
 Begin Bits: [0x00000000136d0000, 0x00000000156d0000)
 End Bits:   [0x00000000156d0000, 0x00000000176d0000)

Polling page: 0x0000000001300000

CodeCache: size=245760Kb used=11151Kb max_used=11287Kb free=234608Kb
 bounds [0x0000000003450000, 0x0000000003f60000, 0x0000000012450000]
 total_blobs=3934 nmethods=3232 adapters=614
 compilation: enabled

Compilation events (10 events):
Event: 6.314 Thread 0x000000001a2e5000 3500       3       jdk.internal.org.objectweb.asm.FieldWriter::put (472 bytes)
Event: 6.316 Thread 0x000000001a2e5000 nmethod 3500 0x0000000003a548d0 code [0x0000000003a54c80, 0x0000000003a56078]
Event: 6.321 Thread 0x000000001a2e5000 3501       3       java.lang.invoke.TypeConvertingMethodAdapter::cast (42 bytes)
Event: 6.321 Thread 0x000000001a2e5000 nmethod 3501 0x0000000003a504d0 code [0x0000000003a50680, 0x0000000003a50c28]
Event: 6.323 Thread 0x000000001a2e5000 3502       3       com.google.common.base.Preconditions::checkArgument (17 bytes)
Event: 6.323 Thread 0x000000001a2e5000 nmethod 3502 0x0000000003a4fe50 code [0x0000000003a4ffe0, 0x0000000003a50378]
Event: 6.325 Thread 0x000000001a2e5000 3503       3       com.google.common.collect.AbstractMapBasedMultimap$WrappedCollection$WrappedIterator::hasNext (14 bytes)
Event: 6.326 Thread 0x000000001a2e5000 nmethod 3503 0x0000000003a51e10 code [0x0000000003a51fa0, 0x0000000003a523e8]
Event: 6.331 Thread 0x000000001a2e5000 3505       3       com.google.common.collect.RegularImmutableSet::<init> (32 bytes)
Event: 6.332 Thread 0x000000001a2e5000 nmethod 3505 0x0000000003a517d0 code [0x0000000003a51940, 0x0000000003a51c50]

GC Heap History (10 events):
Event: 3.576 GC heap before
{Heap before GC invocations=5 (full 1):
 PSYoungGen      total 75776K, used 7594K [0x00000000d5580000, 0x00000000de980000, 0x0000000100000000)
  eden space 65024K, 0% used [0x00000000d5580000,0x00000000d5580000,0x00000000d9500000)
  from space 10752K, 70% used [0x00000000d9f80000,0x00000000da6eaa90,0x00000000daa00000)
  to   space 10752K, 0% used [0x00000000d9500000,0x00000000d9500000,0x00000000d9f80000)
 ParOldGen       total 173568K, used 1077K [0x0000000080000000, 0x000000008a980000, 0x00000000d5580000)
  object space 173568K, 0% used [0x0000000080000000,0x000000008010d748,0x000000008a980000)
 Metaspace       used 20646K, capacity 21252K, committed 21296K, reserved 1067008K
  class space    used 2895K, capacity 3116K, committed 3120K, reserved 1048576K
Event: 3.604 GC heap after
Heap after GC invocations=5 (full 1):
 PSYoungGen      total 75776K, used 0K [0x00000000d5580000, 0x00000000de980000, 0x0000000100000000)
  eden space 65024K, 0% used [0x00000000d5580000,0x00000000d5580000,0x00000000d9500000)
  from space 10752K, 0% used [0x00000000d9f80000,0x00000000d9f80000,0x00000000daa00000)
  to   space 10752K, 0% used [0x00000000d9500000,0x00000000d9500000,0x00000000d9f80000)
 ParOldGen       total 92672K, used 7357K [0x0000000080000000, 0x0000000085a80000, 0x00000000d5580000)
  object space 92672K, 7% used [0x0000000080000000,0x000000008072f428,0x0000000085a80000)
 Metaspace       used 20646K, capacity 21252K, committed 21296K, reserved 1067008K
  class space    used 2895K, capacity 3116K, committed 3120K, reserved 1048576K
}
Event: 4.435 GC heap before
{Heap before GC invocations=6 (full 1):
 PSYoungGen      total 75776K, used 64392K [0x00000000d5580000, 0x00000000de980000, 0x0000000100000000)
  eden space 65024K, 99% used [0x00000000d5580000,0x00000000d9462170,0x00000000d9500000)
  from space 10752K, 0% used [0x00000000d9f80000,0x00000000d9f80000,0x00000000daa00000)
  to   space 10752K, 0% used [0x00000000d9500000,0x00000000d9500000,0x00000000d9f80000)
 ParOldGen       total 92672K, used 7357K [0x0000000080000000, 0x0000000085a80000, 0x00000000d5580000)
  object space 92672K, 7% used [0x0000000080000000,0x000000008072f428,0x0000000085a80000)
 Metaspace       used 28207K, capacity 28908K, committed 29232K, reserved 1075200K
  class space    used 3895K, capacity 4127K, committed 4144K, reserved 1048576K
Event: 4.439 GC heap after
Heap after GC invocations=6 (full 1):
 PSYoungGen      total 75776K, used 8702K [0x00000000d5580000, 0x00000000dd800000, 0x0000000100000000)
  eden space 65024K, 0% used [0x00000000d5580000,0x00000000d5580000,0x00000000d9500000)
  from space 10752K, 80% used [0x00000000d9500000,0x00000000d9d7fac8,0x00000000d9f80000)
  to   space 12288K, 0% used [0x00000000dcc00000,0x00000000dcc00000,0x00000000dd800000)
 ParOldGen       total 92672K, used 7365K [0x0000000080000000, 0x0000000085a80000, 0x00000000d5580000)
  object space 92672K, 7% used [0x0000000080000000,0x0000000080731428,0x0000000085a80000)
 Metaspace       used 28207K, capacity 28908K, committed 29232K, reserved 1075200K
  class space    used 3895K, capacity 4127K, committed 4144K, reserved 1048576K
}
Event: 5.139 GC heap before
{Heap before GC invocations=7 (full 1):
 PSYoungGen      total 75776K, used 73726K [0x00000000d5580000, 0x00000000dd800000, 0x0000000100000000)
  eden space 65024K, 100% used [0x00000000d5580000,0x00000000d9500000,0x00000000d9500000)
  from space 10752K, 80% used [0x00000000d9500000,0x00000000d9d7fac8,0x00000000d9f80000)
  to   space 12288K, 0% used [0x00000000dcc00000,0x00000000dcc00000,0x00000000dd800000)
 ParOldGen       total 92672K, used 7365K [0x0000000080000000, 0x0000000085a80000, 0x00000000d5580000)
  object space 92672K, 7% used [0x0000000080000000,0x0000000080731428,0x0000000085a80000)
 Metaspace       used 32330K, capacity 33112K, committed 33456K, reserved 1077248K
  class space    used 4422K, capacity 4673K, committed 4784K, reserved 1048576K
Event: 5.150 GC heap after
Heap after GC invocations=7 (full 1):
 PSYoungGen      total 120320K, used 8650K [0x00000000d5580000, 0x00000000dd700000, 0x0000000100000000)
  eden space 109056K, 0% used [0x00000000d5580000,0x00000000d5580000,0x00000000dc000000)
  from space 11264K, 76% used [0x00000000dcc00000,0x00000000dd472988,0x00000000dd700000)
  to   space 11776K, 0% used [0x00000000dc000000,0x00000000dc000000,0x00000000dcb80000)
 ParOldGen       total 92672K, used 7373K [0x0000000080000000, 0x0000000085a80000, 0x00000000d5580000)
  object space 92672K, 7% used [0x0000000080000000,0x0000000080733428,0x0000000085a80000)
 Metaspace       used 32330K, capacity 33112K, committed 33456K, reserved 1077248K
  class space    used 4422K, capacity 4673K, committed 4784K, reserved 1048576K
}
Event: 5.646 GC heap before
{Heap before GC invocations=8 (full 1):
 PSYoungGen      total 120320K, used 56672K [0x00000000d5580000, 0x00000000dd700000, 0x0000000100000000)
  eden space 109056K, 44% used [0x00000000d5580000,0x00000000d8465938,0x00000000dc000000)
  from space 11264K, 76% used [0x00000000dcc00000,0x00000000dd472988,0x00000000dd700000)
  to   space 11776K, 0% used [0x00000000dc000000,0x00000000dc000000,0x00000000dcb80000)
 ParOldGen       total 92672K, used 7373K [0x0000000080000000, 0x0000000085a80000, 0x00000000d5580000)
  object space 92672K, 7% used [0x0000000080000000,0x0000000080733428,0x0000000085a80000)
 Metaspace       used 34582K, capacity 35402K, committed 35496K, reserved 1079296K
  class space    used 4745K, capacity 4972K, committed 5040K, reserved 1048576K
Event: 5.653 GC heap after
Heap after GC invocations=8 (full 1):
 PSYoungGen      total 120832K, used 9007K [0x00000000d5580000, 0x00000000e1e80000, 0x0000000100000000)
  eden space 109056K, 0% used [0x00000000d5580000,0x00000000d5580000,0x00000000dc000000)
  from space 11776K, 76% used [0x00000000dc000000,0x00000000dc8cbda0,0x00000000dcb80000)
  to   space 11776K, 0% used [0x00000000e1300000,0x00000000e1300000,0x00000000e1e80000)
 ParOldGen       total 92672K, used 7381K [0x0000000080000000, 0x0000000085a80000, 0x00000000d5580000)
  object space 92672K, 7% used [0x0000000080000000,0x0000000080735428,0x0000000085a80000)
 Metaspace       used 34582K, capacity 35402K, committed 35496K, reserved 1079296K
  class space    used 4745K, capacity 4972K, committed 5040K, reserved 1048576K
}
Event: 5.653 GC heap before
{Heap before GC invocations=9 (full 2):
 PSYoungGen      total 120832K, used 9007K [0x00000000d5580000, 0x00000000e1e80000, 0x0000000100000000)
  eden space 109056K, 0% used [0x00000000d5580000,0x00000000d5580000,0x00000000dc000000)
  from space 11776K, 76% used [0x00000000dc000000,0x00000000dc8cbda0,0x00000000dcb80000)
  to   space 11776K, 0% used [0x00000000e1300000,0x00000000e1300000,0x00000000e1e80000)
 ParOldGen       total 92672K, used 7381K [0x0000000080000000, 0x0000000085a80000, 0x00000000d5580000)
  object space 92672K, 7% used [0x0000000080000000,0x0000000080735428,0x0000000085a80000)
 Metaspace       used 34582K, capacity 35402K, committed 35496K, reserved 1079296K
  class space    used 4745K, capacity 4972K, committed 5040K, reserved 1048576K
Event: 5.697 GC heap after
Heap after GC invocations=9 (full 2):
 PSYoungGen      total 120832K, used 0K [0x00000000d5580000, 0x00000000e1e80000, 0x0000000100000000)
  eden space 109056K, 0% used [0x00000000d5580000,0x00000000d5580000,0x00000000dc000000)
  from space 11776K, 0% used [0x00000000dc000000,0x00000000dc000000,0x00000000dcb80000)
  to   space 11776K, 0% used [0x00000000e1300000,0x00000000e1300000,0x00000000e1e80000)
 ParOldGen       total 140800K, used 15551K [0x0000000080000000, 0x0000000088980000, 0x00000000d5580000)
  object space 140800K, 11% used [0x0000000080000000,0x0000000080f2fe78,0x0000000088980000)
 Metaspace       used 34582K, capacity 35402K, committed 35496K, reserved 1079296K
  class space    used 4745K, capacity 4972K, committed 5040K, reserved 1048576K
}

Deoptimization events (10 events):
Event: 4.895 Thread 0x000000001cfba000 Uncommon trap: reason=class_check action=maybe_recompile pc=0x0000000003b4e540 method=sun.misc.URLClassPath.getLoader(I)Lsun/misc/URLClassPath$Loader; @ 239
Event: 4.972 Thread 0x000000001cfba000 Uncommon trap: reason=unstable_if action=reinterpret pc=0x0000000003d96b04 method=org.codehaus.groovy.runtime.metaclass.MetaMethodIndex.addMethodToList(Ljava/lang/Object;Lgroovy/lang/MetaMethod;)Ljava/lang/Object; @ 226
Event: 4.992 Thread 0x000000001cfba000 Uncommon trap: reason=class_check action=maybe_recompile pc=0x0000000003b8a82c method=java.util.WeakHashMap.eq(Ljava/lang/Object;Ljava/lang/Object;)Z @ 7
Event: 5.226 Thread 0x000000001cfba000 Uncommon trap: reason=unstable_if action=reinterpret pc=0x0000000003d78920 method=java.net.URI.match(CJJ)Z @ 45
Event: 5.470 Thread 0x000000001cfba000 Uncommon trap: reason=unstable_if action=reinterpret pc=0x00000000039c7e7c method=jdk.internal.org.objectweb.asm.Type.getArgumentsAndReturnSizes(Ljava/lang/String;)I @ 88
Event: 5.931 Thread 0x000000001fd20000 Uncommon trap: reason=unstable_if action=reinterpret pc=0x00000000039d1150 method=java.util.concurrent.ConcurrentHashMap.addCount(JI)V @ 34
Event: 5.933 Thread 0x000000001fd1e800 Uncommon trap: reason=unstable_if action=reinterpret pc=0x00000000039190d4 method=java.util.concurrent.ConcurrentHashMap.addCount(JI)V @ 168
Event: 6.148 Thread 0x000000001cfba000 Uncommon trap: reason=unstable_if action=reinterpret pc=0x00000000037919ec method=java.util.jar.JarFile.match([C[B[I[I)Z @ 29
Event: 6.261 Thread 0x000000001cfba000 Uncommon trap: reason=bimorphic action=maybe_recompile pc=0x00000000036e54c0 method=java.util.AbstractCollection.addAll(Ljava/util/Collection;)Z @ 29
Event: 6.289 Thread 0x000000001cfba000 Uncommon trap: reason=range_check action=make_not_entrant pc=0x0000000003e777e4 method=java.lang.String.charAt(I)C @ 27

Classes redefined (0 events):
No events

Internal exceptions (10 events):
Event: 6.211 Thread 0x000000001cfba000 Exception <a 'java/security/PrivilegedActionException'> (0x00000000d7309990) thrown at [C:\src\AOSP-openjdk-git\hotspot\src\share\vm\prims\jvm.cpp, line 1502]
Event: 6.211 Thread 0x000000001cfba000 Exception <a 'java/security/PrivilegedActionException'> (0x00000000d730a528) thrown at [C:\src\AOSP-openjdk-git\hotspot\src\share\vm\prims\jvm.cpp, line 1502]
Event: 6.211 Thread 0x000000001cfba000 Exception <a 'java/security/PrivilegedActionException'> (0x00000000d730d1f0) thrown at [C:\src\AOSP-openjdk-git\hotspot\src\share\vm\prims\jvm.cpp, line 1502]
Event: 6.211 Thread 0x000000001cfba000 Exception <a 'java/security/PrivilegedActionException'> (0x00000000d730dd88) thrown at [C:\src\AOSP-openjdk-git\hotspot\src\share\vm\prims\jvm.cpp, line 1502]
Event: 6.211 Thread 0x000000001cfba000 Exception <a 'java/security/PrivilegedActionException'> (0x00000000d7310b40) thrown at [C:\src\AOSP-openjdk-git\hotspot\src\share\vm\prims\jvm.cpp, line 1502]
Event: 6.211 Thread 0x000000001cfba000 Exception <a 'java/security/PrivilegedActionException'> (0x00000000d73116d8) thrown at [C:\src\AOSP-openjdk-git\hotspot\src\share\vm\prims\jvm.cpp, line 1502]
Event: 6.246 Thread 0x000000001cfba000 Exception <a 'java/lang/ClassNotFoundException': org/gradle/api/internal/project/DefaultProject_DecoratedBeanInfo> (0x00000000d73a1678) thrown at [C:\src\AOSP-openjdk-git\hotspot\src\share\vm\classfile\systemDictionary.cpp, line 210]
Event: 6.247 Thread 0x000000001cfba000 Exception <a 'java/lang/ClassNotFoundException': org/gradle/api/internal/project/DefaultProjectBeanInfo> (0x00000000d73d9f60) thrown at [C:\src\AOSP-openjdk-git\hotspot\src\share\vm\classfile\systemDictionary.cpp, line 210]
Event: 6.248 Thread 0x000000001cfba000 Exception <a 'java/lang/ClassNotFoundException': org/gradle/api/internal/project/DefaultProjectCustomizer> (0x00000000d7414340) thrown at [C:\src\AOSP-openjdk-git\hotspot\src\share\vm\classfile\systemDictionary.cpp, line 210]
Event: 6.253 Thread 0x000000001cfba000 Exception <a 'java/lang/ClassNotFoundException': org/gradle/api/internal/project/DefaultProject_DecoratedCustomizer> (0x00000000d75255d8) thrown at [C:\src\AOSP-openjdk-git\hotspot\src\share\vm\classfile\systemDictionary.cpp, line 210]

Events (10 events):
Event: 6.329 loading class org/gradle/internal/reflect/TypeValidationContext
Event: 6.329 loading class org/gradle/internal/reflect/TypeValidationContext done
Event: 6.329 loading class org/gradle/internal/reflect/TypeValidationContext
Event: 6.329 loading class org/gradle/internal/reflect/TypeValidationContext done
Event: 6.330 loading class org/gradle/api/internal/tasks/properties/DefaultTypeMetadataStore$DefaultPropertyMetadata
Event: 6.330 loading class org/gradle/api/internal/tasks/properties/DefaultTypeMetadataStore$DefaultPropertyMetadata done
Event: 6.331 loading class org/gradle/api/internal/tasks/properties/DefaultTypeMetadataStore$DefaultTypeMetadata
Event: 6.331 loading class org/gradle/api/internal/tasks/properties/DefaultTypeMetadataStore$DefaultTypeMetadata done
Event: 6.332 loading class org/gradle/api/internal/project/taskfactory/DefaultTaskClassInfoStore$StandardTaskActionFactory
Event: 6.332 loading class org/gradle/api/internal/project/taskfactory/DefaultTaskClassInfoStore$StandardTaskActionFactory done


Dynamic libraries:
0x00007ff70a240000 - 0x00007ff70a271000 	C:\Program Files\Android\Android Studio\jre\bin\java.exe
0x00007ff9dfde0000 - 0x00007ff9dffd0000 	C:\WINDOWS\SYSTEM32\ntdll.dll
0x00007ff9de970000 - 0x00007ff9dea22000 	C:\WINDOWS\System32\KERNEL32.DLL
0x00007ff9ddaa0000 - 0x00007ff9ddd45000 	C:\WINDOWS\System32\KERNELBASE.dll
0x00007ff9de0b0000 - 0x00007ff9de153000 	C:\WINDOWS\System32\ADVAPI32.dll
0x00007ff9dea30000 - 0x00007ff9deace000 	C:\WINDOWS\System32\msvcrt.dll
0x00007ff9dec10000 - 0x00007ff9deca7000 	C:\WINDOWS\System32\sechost.dll
0x00007ff9df090000 - 0x00007ff9df1b0000 	C:\WINDOWS\System32\RPCRT4.dll
0x00007ff9dfc00000 - 0x00007ff9dfd95000 	C:\WINDOWS\System32\USER32.dll
0x00007ff9dd280000 - 0x00007ff9dd2a1000 	C:\WINDOWS\System32\win32u.dll
0x00007ff9ddf40000 - 0x00007ff9ddf66000 	C:\WINDOWS\System32\GDI32.dll
0x00007ff9dce70000 - 0x00007ff9dd006000 	C:\WINDOWS\System32\gdi32full.dll
0x00007ff9dd090000 - 0x00007ff9dd12e000 	C:\WINDOWS\System32\msvcp_win.dll
0x00007ff9dcd70000 - 0x00007ff9dce6a000 	C:\WINDOWS\System32\ucrtbase.dll
0x00007ff9d09f0000 - 0x00007ff9d0c74000 	C:\WINDOWS\WinSxS\amd64_microsoft.windows.common-controls_6595b64144ccf1df_6.0.18362.1082_none_9e8193e1e45b25c1\COMCTL32.dll
0x00007ff9de160000 - 0x00007ff9de495000 	C:\WINDOWS\System32\combase.dll
0x00007ff9dd010000 - 0x00007ff9dd090000 	C:\WINDOWS\System32\bcryptPrimitives.dll
0x00007ff9dde90000 - 0x00007ff9ddebe000 	C:\WINDOWS\System32\IMM32.DLL
0x00000000688e0000 - 0x00000000689b2000 	C:\Program Files\Android\Android Studio\jre\jre\bin\msvcr100.dll
0x0000000069b80000 - 0x000000006a3cb000 	C:\Program Files\Android\Android Studio\jre\jre\bin\server\jvm.dll
0x00007ff9deb90000 - 0x00007ff9deb98000 	C:\WINDOWS\System32\PSAPI.DLL
0x00007ff9cee70000 - 0x00007ff9cee79000 	C:\WINDOWS\SYSTEM32\WSOCK32.dll
0x00007ff9d2e80000 - 0x00007ff9d2ea4000 	C:\WINDOWS\SYSTEM32\WINMM.dll
0x00007ff9d6ec0000 - 0x00007ff9d6eca000 	C:\WINDOWS\SYSTEM32\VERSION.dll
0x00007ff9deba0000 - 0x00007ff9dec0f000 	C:\WINDOWS\System32\WS2_32.dll
0x00007ff9d2c30000 - 0x00007ff9d2c5d000 	C:\WINDOWS\SYSTEM32\WINMMBASE.dll
0x00007ff9dda30000 - 0x00007ff9dda7a000 	C:\WINDOWS\System32\cfgmgr32.dll
0x00007ff9d7e00000 - 0x00007ff9d7e0f000 	C:\Program Files\Android\Android Studio\jre\jre\bin\verify.dll
0x00007ff9d2170000 - 0x00007ff9d2199000 	C:\Program Files\Android\Android Studio\jre\jre\bin\java.dll
0x00007ff9d2630000 - 0x00007ff9d2646000 	C:\Program Files\Android\Android Studio\jre\jre\bin\zip.dll
0x00007ff9df1b0000 - 0x00007ff9df897000 	C:\WINDOWS\System32\SHELL32.dll
0x00007ff9df900000 - 0x00007ff9df9a9000 	C:\WINDOWS\System32\shcore.dll
0x00007ff9dd2b0000 - 0x00007ff9dda30000 	C:\WINDOWS\System32\windows.storage.dll
0x00007ff9dccf0000 - 0x00007ff9dcd13000 	C:\WINDOWS\System32\profapi.dll
0x00007ff9dcd20000 - 0x00007ff9dcd6a000 	C:\WINDOWS\System32\powrprof.dll
0x00007ff9dcca0000 - 0x00007ff9dccb0000 	C:\WINDOWS\System32\UMPDC.dll
0x00007ff9df8a0000 - 0x00007ff9df8f2000 	C:\WINDOWS\System32\shlwapi.dll
0x00007ff9dccb0000 - 0x00007ff9dccc1000 	C:\WINDOWS\System32\kernel.appcore.dll
0x00007ff9dda80000 - 0x00007ff9dda97000 	C:\WINDOWS\System32\cryptsp.dll
0x00007ff9d2240000 - 0x00007ff9d225a000 	C:\Program Files\Android\Android Studio\jre\jre\bin\net.dll
0x00007ff9dc4f0000 - 0x00007ff9dc557000 	C:\WINDOWS\system32\mswsock.dll
0x00007ff9d1b90000 - 0x00007ff9d1ba3000 	C:\Program Files\Android\Android Studio\jre\jre\bin\nio.dll
0x00007ff9cd470000 - 0x00007ff9cd496000 	C:\Users\User\.gradle\native\31\windows-amd64\native-platform.dll
0x00007ff9d7b50000 - 0x00007ff9d7b5d000 	C:\Program Files\Android\Android Studio\jre\jre\bin\management.dll
0x00007ff9dc000000 - 0x00007ff9dc033000 	C:\WINDOWS\system32\rsaenh.dll
0x00007ff9ddd50000 - 0x00007ff9ddd76000 	C:\WINDOWS\System32\bcrypt.dll
0x00007ff9dcbc0000 - 0x00007ff9dcbe5000 	C:\WINDOWS\SYSTEM32\USERENV.dll
0x00007ff9dc6c0000 - 0x00007ff9dc6cc000 	C:\WINDOWS\SYSTEM32\CRYPTBASE.dll
0x00007ff9dc200000 - 0x00007ff9dc23a000 	C:\WINDOWS\SYSTEM32\IPHLPAPI.DLL
0x00007ff9dee60000 - 0x00007ff9dee68000 	C:\WINDOWS\System32\NSI.dll
0x00007ff9d56d0000 - 0x00007ff9d56e6000 	C:\WINDOWS\SYSTEM32\dhcpcsvc6.DLL
0x00007ff9d56b0000 - 0x00007ff9d56cc000 	C:\WINDOWS\SYSTEM32\dhcpcsvc.DLL
0x00007ff9dc240000 - 0x00007ff9dc30b000 	C:\WINDOWS\SYSTEM32\DNSAPI.dll

VM Arguments:
jvm_args: -Xmx2048m -Dfile.encoding=windows-1252 -Duser.country=US -Duser.language=en -Duser.variant 
java_command: org.gradle.launcher.daemon.bootstrap.GradleDaemon 6.1.1
java_class_path (initial): C:\Users\User\.gradle\wrapper\dists\gradle-6.1.1-all\cfmwm155h49vnt3hynmlrsdst\gradle-6.1.1\lib\gradle-launcher-6.1.1.jar
Launcher Type: SUN_STANDARD

Environment Variables:
JAVA_HOME=C:\Program Files\Amazon Corretto\jdk1.8.0_232
PATH=C:\Program Files\Amazon Corretto\jdk1.8.0_232\bin;C:\WINDOWS\system32;C:\WINDOWS;C:\WINDOWS\System32\Wbem;C:\WINDOWS\System32\WindowsPowerShell\v1.0\;C:\WINDOWS\System32\OpenSSH\;C:\Program Files\NVIDIA Corporation\NVIDIA NvDLISR;C:\Program Files (x86)\NVIDIA Corporation\PhysX\Common;C:\WINDOWS\system32;C:\WINDOWS;C:\WINDOWS\System32\Wbem;C:\WINDOWS\System32\WindowsPowerShell\v1.0\;C:\WINDOWS\System32\OpenSSH\;C:\Program Files\Intel\WiFi\bin\;C:\Program Files\Common Files\Intel\WirelessCommon\;D:\Git\cmd;C:\Program Files (x86)\Intel\Intel(R) Management Engine Components\DAL;C:\Program Files\Intel\Intel(R) Management Engine Components\DAL;C:\Program Files\PuTTY\;C:\Users\User\AppData\Local\Microsoft\WindowsApps;C:\Program Files\Intel\WiFi\bin\;C:\Program Files\Common Files\Intel\WirelessCommon\;C:\Users\User\AppData\Local\GitHubDesktop\bin;C:\Users\User\AppData\Local\atom\bin;C:\Users\User\AppData\Local\Programs\Microsoft VS Code\bin
USERNAME=User
OS=Windows_NT
PROCESSOR_IDENTIFIER=Intel64 Family 6 Model 158 Stepping 9, GenuineIntel



---------------  S Y S T E M  ---------------

OS: Windows 10.0 , 64 bit Build 18362 (10.0.18362.1082)

CPU:total 8 (initial active 8) (4 cores per cpu, 2 threads per core) family 6 model 158 stepping 9, cmov, cx8, fxsr, mmx, sse, sse2, sse3, ssse3, sse4.1, sse4.2, popcnt, avx, avx2, aes, clmul, erms, 3dnowpref, lzcnt, ht, tsc, tscinvbit, bmi1, bmi2, adx

Memory: 4k page, physical 16640252k(671144k free), swap 32119632k(6504k free)

vm_info: OpenJDK 64-Bit Server VM (25.242-b01) for windows-amd64 JRE (1.8.0_242-release-1644-b01), built by "builder" with MS VC++ 10.0 (VS2010)

time: Sun Sep 20 23:39:49 2020
timezone: Eastern Daylight Time
elapsed time: 6 seconds (0d 0h 0m 6s)

