#
# There is insufficient memory for the Java Runtime Environment to continue.
# Native memory allocation (malloc) failed to allocate 1339984 bytes for Chunk::new
# Possible reasons:
#   The system is out of physical RAM or swap space
#   The process is running with CompressedOops enabled, and the Java Heap may be blocking the growth of the native heap
# Possible solutions:
#   Reduce memory load on the system
#   Increase physical memory or swap space
#   Check if swap backing store is full
#   Decrease Java heap size (-Xmx/-Xms)
#   Decrease number of Java threads
#   Decrease Java thread stack sizes (-Xss)
#   Set larger code cache with -XX:ReservedCodeCacheSize=
#   JVM is running with Unscaled Compressed Oops mode in which the Java heap is
#     placed in the first 4GB address space. The Java Heap base address is the
#     maximum limit for the native heap growth. Please use -XX:HeapBaseMinAddress
#     to set the Java Heap base and to place the Java Heap above 4GB virtual address.
# This output file may be truncated or incomplete.
#
#  Out of Memory Error (allocation.cpp:389), pid=21200, tid=0x0000000000009028
#
# JRE version: OpenJDK Runtime Environment (8.0_242-b01) (build 1.8.0_242-release-1644-b01)
# Java VM: OpenJDK 64-Bit Server VM (25.242-b01 mixed mode windows-amd64 compressed oops)
# Failed to write core dump. Minidumps are not enabled by default on client versions of Windows
#

---------------  T H R E A D  ---------------

Current thread (0x0000000017a7e000):  JavaThread "C2 CompilerThread2" daemon [_thread_in_native, id=36904, stack(0x000000001a350000,0x000000001a450000)]

Stack: [0x000000001a350000,0x000000001a450000]
[error occurred during error reporting (printing stack bounds), id 0xc0000005]

Native frames: (J=compiled Java code, j=interpreted, Vv=VM code, C=native code)


Current CompileTask:
C2:   8833 5024       4       sun.reflect.generics.parser.SignatureParser::parsePackageNameAndSimpleClassTypeSignature (139 bytes)


---------------  P R O C E S S  ---------------

Java Threads: ( => current thread )
  0x0000000021a76000 JavaThread "Cache worker for file content cache (C:\Users\User\AndroidStudioProjects\CovidFight\.gradle\6.1.1\fileContent)" [_thread_blocked, id=40104, stack(0x00000000257f0000,0x00000000258f0000)]
  0x0000000021a6c000 JavaThread "Cache worker for file content cache (C:\Users\User\.gradle\caches\6.1.1\fileContent)" [_thread_blocked, id=28220, stack(0x00000000256f0000,0x00000000257f0000)]
  0x0000000021a73000 JavaThread "Memory manager" [_thread_blocked, id=42400, stack(0x00000000255f0000,0x00000000256f0000)]
  0x0000000021a6a800 JavaThread "Cache worker for Build Output Cleanup Cache (C:\Users\User\AndroidStudioProjects\CovidFight\.gradle\buildOutputCleanup)" [_thread_blocked, id=7108, stack(0x0000000024a30000,0x0000000024b30000)]
  0x0000000021a6d000 JavaThread "Build operations Thread 8" [_thread_blocked, id=42892, stack(0x0000000024530000,0x0000000024630000)]
  0x0000000021a70800 JavaThread "Build operations Thread 7" [_thread_blocked, id=1504, stack(0x0000000024430000,0x0000000024530000)]
  0x0000000021a6a000 JavaThread "Build operations Thread 6" [_thread_blocked, id=23800, stack(0x0000000024330000,0x0000000024430000)]
  0x0000000021a70000 JavaThread "Build operations Thread 5" [_thread_blocked, id=39184, stack(0x0000000024230000,0x0000000024330000)]
  0x0000000021a6f000 JavaThread "Build operations Thread 4" [_thread_blocked, id=30824, stack(0x0000000024130000,0x0000000024230000)]
  0x0000000021a69000 JavaThread "Build operations Thread 3" [_thread_blocked, id=39736, stack(0x0000000023e20000,0x0000000023f20000)]
  0x0000000021a68800 JavaThread "Build operations Thread 2" [_thread_blocked, id=32132, stack(0x0000000023d20000,0x0000000023e20000)]
  0x0000000021a6d800 JavaThread "Build operations" [_thread_blocked, id=36152, stack(0x0000000023c20000,0x0000000023d20000)]
  0x000000001c3e4800 JavaThread "Cache worker for execution history cache (C:\Users\User\.gradle\caches\6.1.1\executionHistory)" [_thread_blocked, id=38224, stack(0x0000000022150000,0x0000000022250000)]
  0x000000001c3e8800 JavaThread "Cache worker for cache directory md-rule (C:\Users\User\.gradle\caches\6.1.1\md-rule)" [_thread_blocked, id=39236, stack(0x0000000020fb0000,0x00000000210b0000)]
  0x000000001c3e2000 JavaThread "Cache worker for cache directory md-supplier (C:\Users\User\.gradle\caches\6.1.1\md-supplier)" [_thread_blocked, id=22984, stack(0x0000000020a10000,0x0000000020b10000)]
  0x000000001c3e1800 JavaThread "Cache worker for file hash cache (C:\Users\User\AndroidStudioProjects\CovidFight\.gradle\6.1.1\fileHashes)" [_thread_blocked, id=27760, stack(0x0000000020cb0000,0x0000000020db0000)]
  0x000000001c3e6000 JavaThread "Cache worker for checksums cache (C:\Users\User\AndroidStudioProjects\CovidFight\.gradle\checksums)" [_thread_blocked, id=34964, stack(0x0000000020bb0000,0x0000000020cb0000)]
  0x000000001c3e7000 JavaThread "Cache worker for file hash cache (C:\Users\User\.gradle\caches\6.1.1\fileHashes)" [_thread_blocked, id=28144, stack(0x000000001e570000,0x000000001e670000)]
  0x000000001c3e7800 JavaThread "File lock request listener" [_thread_in_native, id=39120, stack(0x000000001e470000,0x000000001e570000)]
  0x000000001c3e0800 JavaThread "Cache worker for journal cache (C:\Users\User\.gradle\caches\journal-1)" [_thread_blocked, id=37344, stack(0x000000001e370000,0x000000001e470000)]
  0x000000001c3ba800 JavaThread "Thread-9" [_thread_blocked, id=39084, stack(0x000000001e070000,0x000000001e170000)]
  0x000000001c3b9000 JavaThread "Stdin handler" [_thread_blocked, id=35172, stack(0x000000001df70000,0x000000001e070000)]
  0x000000001c3b8800 JavaThread "Asynchronous log dispatcher for DefaultDaemonConnection: socket connection from /127.0.0.1:63680 to /127.0.0.1:63681" [_thread_blocked, id=27068, stack(0x000000001de70000,0x000000001df70000)]
  0x000000001c3b2000 JavaThread "Daemon worker" [_thread_in_native, id=26604, stack(0x000000001dd70000,0x000000001de70000)]
  0x000000001c2e5800 JavaThread "Cancel handler" [_thread_blocked, id=38812, stack(0x000000001dc70000,0x000000001dd70000)]
  0x000000001c2bd800 JavaThread "Handler for socket connection from /127.0.0.1:63680 to /127.0.0.1:63681" [_thread_in_native, id=35880, stack(0x000000001d970000,0x000000001da70000)]
  0x000000001c2b4000 JavaThread "Daemon" [_thread_blocked, id=26720, stack(0x000000001d870000,0x000000001d970000)]
  0x000000001c341000 JavaThread "Daemon periodic checks" [_thread_blocked, id=20096, stack(0x000000001d770000,0x000000001d870000)]
  0x000000001c24a000 JavaThread "Incoming local TCP Connector on port 63680" [_thread_in_native, id=37768, stack(0x000000001d530000,0x000000001d630000)]
  0x000000001c26d000 JavaThread "Daemon health stats" [_thread_blocked, id=13176, stack(0x000000001cef0000,0x000000001cff0000)]
  0x0000000019909800 JavaThread "Service Thread" daemon [_thread_blocked, id=39040, stack(0x000000001a550000,0x000000001a650000)]
  0x0000000019890800 JavaThread "C1 CompilerThread3" daemon [_thread_blocked, id=33868, stack(0x000000001a450000,0x000000001a550000)]
=>0x0000000017a7e000 JavaThread "C2 CompilerThread2" daemon [_thread_in_native, id=36904, stack(0x000000001a350000,0x000000001a450000)]
  0x0000000017a7c000 JavaThread "C2 CompilerThread1" daemon [_thread_in_native, id=37868, stack(0x000000001a250000,0x000000001a350000)]
  0x0000000017a79000 JavaThread "C2 CompilerThread0" daemon [_thread_in_native, id=28176, stack(0x000000001a150000,0x000000001a250000)]
  0x0000000019882800 JavaThread "Attach Listener" daemon [_thread_blocked, id=40500, stack(0x000000001a050000,0x000000001a150000)]
  0x0000000019886000 JavaThread "Signal Dispatcher" daemon [_thread_blocked, id=39940, stack(0x0000000019f50000,0x000000001a050000)]
  0x00000000029fc800 JavaThread "Finalizer" daemon [_thread_blocked, id=38580, stack(0x0000000019d50000,0x0000000019e50000)]
  0x0000000019870800 JavaThread "Reference Handler" daemon [_thread_blocked, id=33980, stack(0x0000000019c50000,0x0000000019d50000)]
  0x00000000028fe000 JavaThread "main" [_thread_blocked, id=35524, stack(0x0000000002710000,0x0000000002810000)]

Other Threads:
  0x0000000017a68000 VMThread [stack: 0x0000000019750000,0x0000000019850000] [id=39644]
  0x000000001990a000 WatcherThread [stack: 0x000000001a650000,0x000000001a750000] [id=36808]

VM state:not at safepoint (normal execution)

VM Mutex/Monitor currently owned by a thread: None

heap address: 0x0000000080000000, size: 2048 MB, Compressed Oops mode: 32-bit
Narrow klass base: 0x0000000000000000, Narrow klass shift: 3
Compressed class space size: 1073741824 Address: 0x0000000100000000

Heap:
 PSYoungGen      total 170496K, used 154837K [0x00000000d5580000, 0x00000000e1700000, 0x0000000100000000)
  eden space 158720K, 90% used [0x00000000d5580000,0x00000000de13bbd0,0x00000000df080000)
  from space 11776K, 99% used [0x00000000e0b80000,0x00000000e16f9ab8,0x00000000e1700000)
  to   space 13312K, 0% used [0x00000000dfd00000,0x00000000dfd00000,0x00000000e0a00000)
 ParOldGen       total 93696K, used 16802K [0x0000000080000000, 0x0000000085b80000, 0x00000000d5580000)
  object space 93696K, 17% used [0x0000000080000000,0x0000000081068b40,0x0000000085b80000)
 Metaspace       used 55875K, capacity 57884K, committed 58032K, reserved 1099776K
  class space    used 7631K, capacity 8099K, committed 8112K, reserved 1048576K

Card table byte_map: [0x0000000011dc0000,0x00000000121d0000] byte_map_base: 0x00000000119c0000

Marking Bits: (ParMarkBitMap*) 0x000000006a34f030
 Begin Bits: [0x0000000012c80000, 0x0000000014c80000)
 End Bits:   [0x0000000014c80000, 0x0000000016c80000)

Polling page: 0x00000000026b0000

CodeCache: size=245760Kb used=16009Kb max_used=16020Kb free=229750Kb
 bounds [0x0000000002a00000, 0x00000000039c0000, 0x0000000011a00000]
 total_blobs=5469 nmethods=4692 adapters=689
 compilation: enabled

Compilation events (10 events):
Event: 8.725 Thread 0x0000000019890800 nmethod 5103 0x00000000039ab190 code [0x00000000039ab300, 0x00000000039ab528]
Event: 8.741 Thread 0x0000000019890800 5104       3       java.util.logging.LogManager$LoggerContext::requiresDefaultLoggers (29 bytes)
Event: 8.742 Thread 0x0000000019890800 nmethod 5104 0x00000000039aab10 code [0x00000000039aac80, 0x00000000039ab0a8]
Event: 8.742 Thread 0x0000000019890800 5105       3       java.util.logging.LogManager::access$100 (4 bytes)
Event: 8.742 Thread 0x0000000019890800 nmethod 5105 0x00000000039aa810 code [0x00000000039aa960, 0x00000000039aaa90]
Event: 8.748 Thread 0x0000000017a79000 5106   !   4       java.lang.ClassLoader::getPackage (118 bytes)
Event: 8.794 Thread 0x0000000017a79000 nmethod 5106 0x00000000039aec90 code [0x00000000039aeea0, 0x00000000039b0de8]
Event: 8.794 Thread 0x0000000017a79000 5107       4       java.net.URLClassLoader::isSealed (70 bytes)
Event: 8.805 Thread 0x0000000019890800 5109   !   3       java.lang.Class::desiredAssertionStatus (54 bytes)
Event: 8.807 Thread 0x0000000019890800 nmethod 5109 0x00000000039a8bd0 code [0x00000000039a8e00, 0x00000000039a9d98]

GC Heap History (10 events):
Event: 3.890 GC heap before
{Heap before GC invocations=6 (full 1):
 PSYoungGen      total 75776K, used 64413K [0x00000000d5580000, 0x00000000de980000, 0x0000000100000000)
  eden space 65024K, 99% used [0x00000000d5580000,0x00000000d94674d0,0x00000000d9500000)
  from space 10752K, 0% used [0x00000000d9f80000,0x00000000d9f80000,0x00000000daa00000)
  to   space 10752K, 0% used [0x00000000d9500000,0x00000000d9500000,0x00000000d9f80000)
 ParOldGen       total 93696K, used 7292K [0x0000000080000000, 0x0000000085b80000, 0x00000000d5580000)
  object space 93696K, 7% used [0x0000000080000000,0x000000008071f160,0x0000000085b80000)
 Metaspace       used 28227K, capacity 28908K, committed 29232K, reserved 1075200K
  class space    used 3895K, capacity 4127K, committed 4144K, reserved 1048576K
Event: 3.894 GC heap after
Heap after GC invocations=6 (full 1):
 PSYoungGen      total 75776K, used 8636K [0x00000000d5580000, 0x00000000dd680000, 0x0000000100000000)
  eden space 65024K, 0% used [0x00000000d5580000,0x00000000d5580000,0x00000000d9500000)
  from space 10752K, 80% used [0x00000000d9500000,0x00000000d9d6f3e0,0x00000000d9f80000)
  to   space 12288K, 0% used [0x00000000dca80000,0x00000000dca80000,0x00000000dd680000)
 ParOldGen       total 93696K, used 7300K [0x0000000080000000, 0x0000000085b80000, 0x00000000d5580000)
  object space 93696K, 7% used [0x0000000080000000,0x0000000080721160,0x0000000085b80000)
 Metaspace       used 28227K, capacity 28908K, committed 29232K, reserved 1075200K
  class space    used 3895K, capacity 4127K, committed 4144K, reserved 1048576K
}
Event: 4.531 GC heap before
{Heap before GC invocations=7 (full 1):
 PSYoungGen      total 75776K, used 73660K [0x00000000d5580000, 0x00000000dd680000, 0x0000000100000000)
  eden space 65024K, 100% used [0x00000000d5580000,0x00000000d9500000,0x00000000d9500000)
  from space 10752K, 80% used [0x00000000d9500000,0x00000000d9d6f3e0,0x00000000d9f80000)
  to   space 12288K, 0% used [0x00000000dca80000,0x00000000dca80000,0x00000000dd680000)
 ParOldGen       total 93696K, used 7300K [0x0000000080000000, 0x0000000085b80000, 0x00000000d5580000)
  object space 93696K, 7% used [0x0000000080000000,0x0000000080721160,0x0000000085b80000)
 Metaspace       used 32282K, capacity 33112K, committed 33456K, reserved 1077248K
  class space    used 4411K, capacity 4673K, committed 4784K, reserved 1048576K
Event: 4.542 GC heap after
Heap after GC invocations=7 (full 1):
 PSYoungGen      total 117760K, used 8629K [0x00000000d5580000, 0x00000000dd500000, 0x0000000100000000)
  eden space 107008K, 0% used [0x00000000d5580000,0x00000000d5580000,0x00000000dbe00000)
  from space 10752K, 80% used [0x00000000dca80000,0x00000000dd2ed6e0,0x00000000dd500000)
  to   space 11776K, 0% used [0x00000000dbe00000,0x00000000dbe00000,0x00000000dc980000)
 ParOldGen       total 93696K, used 7308K [0x0000000080000000, 0x0000000085b80000, 0x00000000d5580000)
  object space 93696K, 7% used [0x0000000080000000,0x0000000080723160,0x0000000085b80000)
 Metaspace       used 32282K, capacity 33112K, committed 33456K, reserved 1077248K
  class space    used 4411K, capacity 4673K, committed 4784K, reserved 1048576K
}
Event: 4.968 GC heap before
{Heap before GC invocations=8 (full 1):
 PSYoungGen      total 117760K, used 57180K [0x00000000d5580000, 0x00000000dd500000, 0x0000000100000000)
  eden space 107008K, 45% used [0x00000000d5580000,0x00000000d84e9ce8,0x00000000dbe00000)
  from space 10752K, 80% used [0x00000000dca80000,0x00000000dd2ed6e0,0x00000000dd500000)
  to   space 11776K, 0% used [0x00000000dbe00000,0x00000000dbe00000,0x00000000dc980000)
 ParOldGen       total 93696K, used 7308K [0x0000000080000000, 0x0000000085b80000, 0x00000000d5580000)
  object space 93696K, 7% used [0x0000000080000000,0x0000000080723160,0x0000000085b80000)
 Metaspace       used 34591K, capacity 35402K, committed 35496K, reserved 1079296K
  class space    used 4745K, capacity 4972K, committed 5040K, reserved 1048576K
Event: 4.976 GC heap after
Heap after GC invocations=8 (full 1):
 PSYoungGen      total 118784K, used 9127K [0x00000000d5580000, 0x00000000e1700000, 0x0000000100000000)
  eden space 107008K, 0% used [0x00000000d5580000,0x00000000d5580000,0x00000000dbe00000)
  from space 11776K, 77% used [0x00000000dbe00000,0x00000000dc6e9c68,0x00000000dc980000)
  to   space 11776K, 0% used [0x00000000e0b80000,0x00000000e0b80000,0x00000000e1700000)
 ParOldGen       total 93696K, used 7316K [0x0000000080000000, 0x0000000085b80000, 0x00000000d5580000)
  object space 93696K, 7% used [0x0000000080000000,0x0000000080725160,0x0000000085b80000)
 Metaspace       used 34591K, capacity 35402K, committed 35496K, reserved 1079296K
  class space    used 4745K, capacity 4972K, committed 5040K, reserved 1048576K
}
Event: 4.976 GC heap before
{Heap before GC invocations=9 (full 2):
 PSYoungGen      total 118784K, used 9127K [0x00000000d5580000, 0x00000000e1700000, 0x0000000100000000)
  eden space 107008K, 0% used [0x00000000d5580000,0x00000000d5580000,0x00000000dbe00000)
  from space 11776K, 77% used [0x00000000dbe00000,0x00000000dc6e9c68,0x00000000dc980000)
  to   space 11776K, 0% used [0x00000000e0b80000,0x00000000e0b80000,0x00000000e1700000)
 ParOldGen       total 93696K, used 7316K [0x0000000080000000, 0x0000000085b80000, 0x00000000d5580000)
  object space 93696K, 7% used [0x0000000080000000,0x0000000080725160,0x0000000085b80000)
 Metaspace       used 34591K, capacity 35402K, committed 35496K, reserved 1079296K
  class space    used 4745K, capacity 4972K, committed 5040K, reserved 1048576K
Event: 5.018 GC heap after
Heap after GC invocations=9 (full 2):
 PSYoungGen      total 118784K, used 0K [0x00000000d5580000, 0x00000000e1700000, 0x0000000100000000)
  eden space 107008K, 0% used [0x00000000d5580000,0x00000000d5580000,0x00000000dbe00000)
  from space 11776K, 0% used [0x00000000dbe00000,0x00000000dbe00000,0x00000000dc980000)
  to   space 11776K, 0% used [0x00000000e0b80000,0x00000000e0b80000,0x00000000e1700000)
 ParOldGen       total 93696K, used 15643K [0x0000000080000000, 0x0000000085b80000, 0x00000000d5580000)
  object space 93696K, 16% used [0x0000000080000000,0x0000000080f46df8,0x0000000085b80000)
 Metaspace       used 34591K, capacity 35402K, committed 35496K, reserved 1079296K
  class space    used 4745K, capacity 4972K, committed 5040K, reserved 1048576K
}
Event: 6.744 GC heap before
{Heap before GC invocations=10 (full 2):
 PSYoungGen      total 118784K, used 107008K [0x00000000d5580000, 0x00000000e1700000, 0x0000000100000000)
  eden space 107008K, 100% used [0x00000000d5580000,0x00000000dbe00000,0x00000000dbe00000)
  from space 11776K, 0% used [0x00000000dbe00000,0x00000000dbe00000,0x00000000dc980000)
  to   space 11776K, 0% used [0x00000000e0b80000,0x00000000e0b80000,0x00000000e1700000)
 ParOldGen       total 93696K, used 15643K [0x0000000080000000, 0x0000000085b80000, 0x00000000d5580000)
  object space 93696K, 16% used [0x0000000080000000,0x0000000080f46df8,0x0000000085b80000)
 Metaspace       used 44465K, capacity 46002K, committed 46128K, reserved 1089536K
  class space    used 6027K, capacity 6409K, committed 6448K, reserved 1048576K
Event: 6.755 GC heap after
Heap after GC invocations=10 (full 2):
 PSYoungGen      total 170496K, used 11750K [0x00000000d5580000, 0x00000000e1700000, 0x0000000100000000)
  eden space 158720K, 0% used [0x00000000d5580000,0x00000000d5580000,0x00000000df080000)
  from space 11776K, 99% used [0x00000000e0b80000,0x00000000e16f9ab8,0x00000000e1700000)
  to   space 13312K, 0% used [0x00000000dfd00000,0x00000000dfd00000,0x00000000e0a00000)
 ParOldGen       total 93696K, used 16802K [0x0000000080000000, 0x0000000085b80000, 0x00000000d5580000)
  object space 93696K, 17% used [0x0000000080000000,0x0000000081068b40,0x0000000085b80000)
 Metaspace       used 44465K, capacity 46002K, committed 46128K, reserved 1089536K
  class space    used 6027K, capacity 6409K, committed 6448K, reserved 1048576K
}

Deoptimization events (10 events):
Event: 8.444 Thread 0x000000001c3b2000 Uncommon trap: reason=unstable_if action=reinterpret pc=0x0000000003441090 method=java.io.WinNTFileSystem.normalize(Ljava/lang/String;)Ljava/lang/String; @ 74
Event: 8.444 Thread 0x000000001c3b2000 Uncommon trap: reason=unstable_if action=reinterpret pc=0x0000000002f405d0 method=java.io.WinNTFileSystem.normalize(Ljava/lang/String;II)Ljava/lang/String; @ 103
Event: 8.510 Thread 0x000000001c3b2000 Uncommon trap: reason=predicate action=maybe_recompile pc=0x000000000396b2fc method=java.util.AbstractCollection.toArray([Ljava/lang/Object;)[Ljava/lang/Object; @ 49
Event: 8.660 Thread 0x000000001c3b2000 Uncommon trap: reason=array_check action=maybe_recompile pc=0x00000000039989f0 method=java.util.AbstractCollection.toArray([Ljava/lang/Object;)[Ljava/lang/Object; @ 119
Event: 8.660 Thread 0x000000001c3b2000 Uncommon trap: reason=array_check action=maybe_recompile pc=0x00000000039989f0 method=java.util.AbstractCollection.toArray([Ljava/lang/Object;)[Ljava/lang/Object; @ 119
Event: 8.660 Thread 0x000000001c3b2000 Uncommon trap: reason=array_check action=maybe_recompile pc=0x00000000039989f0 method=java.util.AbstractCollection.toArray([Ljava/lang/Object;)[Ljava/lang/Object; @ 119
Event: 8.684 Thread 0x000000001c3b2000 Uncommon trap: reason=bimorphic action=maybe_recompile pc=0x00000000036d04c4 method=java.util.regex.Pattern$5.isSatisfiedBy(I)Z @ 16
Event: 8.684 Thread 0x000000001c3b2000 Uncommon trap: reason=bimorphic action=maybe_recompile pc=0x00000000036d04c4 method=java.util.regex.Pattern$5.isSatisfiedBy(I)Z @ 16
Event: 8.684 Thread 0x000000001c3b2000 Uncommon trap: reason=bimorphic action=maybe_recompile pc=0x00000000036d04c4 method=java.util.regex.Pattern$5.isSatisfiedBy(I)Z @ 16
Event: 8.684 Thread 0x000000001c3b2000 Uncommon trap: reason=bimorphic action=maybe_recompile pc=0x00000000036d04c4 method=java.util.regex.Pattern$5.isSatisfiedBy(I)Z @ 16

Classes redefined (0 events):
No events

Internal exceptions (10 events):
Event: 7.810 Thread 0x000000001c3b2000 Exception <a 'java/lang/ClassNotFoundException': org/gradle/api/plugins/internal/DefaultBasePluginConventionCustomizer> (0x00000000da477e70) thrown at [C:\src\AOSP-openjdk-git\hotspot\src\share\vm\classfile\systemDictionary.cpp, line 210]
Event: 7.817 Thread 0x000000001c3b2000 Exception <a 'java/lang/NoSuchMethodError': java.lang.Object.lambda$comparingInt$7b0bb60$1(Ljava/util/function/ToIntFunction;Ljava/lang/Object;Ljava/lang/Object;)I> (0x00000000da4e8d58) thrown at [C:\src\AOSP-openjdk-git\hotspot\src\share\vm\interpreter\l
Event: 8.285 Thread 0x000000001c3b2000 Exception <a 'java/lang/ClassNotFoundException': com/android/build/gradle/internal/api/ApkVariantOutputImpl_DecoratedBeanInfo> (0x00000000dbb01d58) thrown at [C:\src\AOSP-openjdk-git\hotspot\src\share\vm\classfile\systemDictionary.cpp, line 210]
Event: 8.286 Thread 0x000000001c3b2000 Exception <a 'java/lang/ClassNotFoundException': com/android/build/gradle/internal/api/ApkVariantOutputImplBeanInfo> (0x00000000dbb1eda8) thrown at [C:\src\AOSP-openjdk-git\hotspot\src\share\vm\classfile\systemDictionary.cpp, line 210]
Event: 8.287 Thread 0x000000001c3b2000 Exception <a 'java/lang/ClassNotFoundException': com/android/build/gradle/internal/api/BaseVariantOutputImplBeanInfo> (0x00000000dbb3d1d0) thrown at [C:\src\AOSP-openjdk-git\hotspot\src\share\vm\classfile\systemDictionary.cpp, line 210]
Event: 8.287 Thread 0x000000001c3b2000 Exception <a 'java/lang/ClassNotFoundException': com/android/build/gradle/internal/api/BaseVariantOutputImplCustomizer> (0x00000000dbb5bb50) thrown at [C:\src\AOSP-openjdk-git\hotspot\src\share\vm\classfile\systemDictionary.cpp, line 210]
Event: 8.289 Thread 0x000000001c3b2000 Exception <a 'java/lang/ClassNotFoundException': com/android/build/gradle/internal/api/ApkVariantOutputImplCustomizer> (0x00000000dbb94120) thrown at [C:\src\AOSP-openjdk-git\hotspot\src\share\vm\classfile\systemDictionary.cpp, line 210]
Event: 8.290 Thread 0x000000001c3b2000 Exception <a 'java/lang/ClassNotFoundException': com/android/build/gradle/internal/api/ApkVariantOutputImpl_DecoratedCustomizer> (0x00000000dbbc7c90) thrown at [C:\src\AOSP-openjdk-git\hotspot\src\share\vm\classfile\systemDictionary.cpp, line 210]
Event: 8.727 Thread 0x000000001c3b2000 Exception <a 'java/lang/ClassNotFoundException': com/sun/org/glassfish/hk2/osgiresourcelocator/ServiceLoader> (0x00000000dda75c00) thrown at [C:\src\AOSP-openjdk-git\hotspot\src\share\vm\classfile\systemDictionary.cpp, line 210]
Event: 8.805 Thread 0x000000001c3b2000 Exception <a 'java/lang/NullPointerException'> (0x00000000ddecaa18) thrown at [C:\src\AOSP-openjdk-git\hotspot\src\share\vm\interpreter\linkResolver.cpp, line 1287]

Events (10 events):
Event: 8.828 loading class com/sun/xml/bind/v2/model/impl/RuntimeBuiltinLeafInfoImpl$4
Event: 8.828 loading class com/sun/xml/bind/v2/model/impl/RuntimeBuiltinLeafInfoImpl$4 done
Event: 8.829 loading class com/sun/xml/bind/v2/model/impl/RuntimeBuiltinLeafInfoImpl$5
Event: 8.829 loading class com/sun/xml/bind/v2/model/impl/RuntimeBuiltinLeafInfoImpl$5 done
Event: 8.830 loading class com/sun/xml/bind/v2/model/impl/RuntimeBuiltinLeafInfoImpl$6
Event: 8.830 loading class com/sun/xml/bind/v2/model/impl/RuntimeBuiltinLeafInfoImpl$6 done
Event: 8.831 loading class com/sun/xml/bind/v2/model/impl/RuntimeBuiltinLeafInfoImpl$7
Event: 8.831 loading class com/sun/xml/bind/v2/model/impl/RuntimeBuiltinLeafInfoImpl$7 done
Event: 8.831 loading class com/sun/xml/bind/v2/model/impl/RuntimeBuiltinLeafInfoImpl$8
Event: 8.831 loading class com/sun/xml/bind/v2/model/impl/RuntimeBuiltinLeafInfoImpl$8 done


Dynamic libraries:
0x00007ff70a240000 - 0x00007ff70a271000 	C:\Program Files\Android\Android Studio\jre\bin\java.exe
0x00007ff9dfde0000 - 0x00007ff9dffd0000 	C:\WINDOWS\SYSTEM32\ntdll.dll
0x00007ff9de970000 - 0x00007ff9dea22000 	C:\WINDOWS\System32\KERNEL32.DLL
0x00007ff9ddaa0000 - 0x00007ff9ddd45000 	C:\WINDOWS\System32\KERNELBASE.dll
0x00007ff9de0b0000 - 0x00007ff9de153000 	C:\WINDOWS\System32\ADVAPI32.dll
0x00007ff9dea30000 - 0x00007ff9deace000 	C:\WINDOWS\System32\msvcrt.dll
0x00007ff9dec10000 - 0x00007ff9deca7000 	C:\WINDOWS\System32\sechost.dll
0x00007ff9df090000 - 0x00007ff9df1b0000 	C:\WINDOWS\System32\RPCRT4.dll
0x00007ff9dfc00000 - 0x00007ff9dfd95000 	C:\WINDOWS\System32\USER32.dll
0x00007ff9dd280000 - 0x00007ff9dd2a1000 	C:\WINDOWS\System32\win32u.dll
0x00007ff9ddf40000 - 0x00007ff9ddf66000 	C:\WINDOWS\System32\GDI32.dll
0x00007ff9dce70000 - 0x00007ff9dd006000 	C:\WINDOWS\System32\gdi32full.dll
0x00007ff9dd090000 - 0x00007ff9dd12e000 	C:\WINDOWS\System32\msvcp_win.dll
0x00007ff9dcd70000 - 0x00007ff9dce6a000 	C:\WINDOWS\System32\ucrtbase.dll
0x00007ff9d09f0000 - 0x00007ff9d0c74000 	C:\WINDOWS\WinSxS\amd64_microsoft.windows.common-controls_6595b64144ccf1df_6.0.18362.1082_none_9e8193e1e45b25c1\COMCTL32.dll
0x00007ff9de160000 - 0x00007ff9de495000 	C:\WINDOWS\System32\combase.dll
0x00007ff9dd010000 - 0x00007ff9dd090000 	C:\WINDOWS\System32\bcryptPrimitives.dll
0x00007ff9dde90000 - 0x00007ff9ddebe000 	C:\WINDOWS\System32\IMM32.DLL
0x00000000688e0000 - 0x00000000689b2000 	C:\Program Files\Android\Android Studio\jre\jre\bin\msvcr100.dll
0x0000000069b80000 - 0x000000006a3cb000 	C:\Program Files\Android\Android Studio\jre\jre\bin\server\jvm.dll
0x00007ff9deb90000 - 0x00007ff9deb98000 	C:\WINDOWS\System32\PSAPI.DLL
0x00007ff9d6ec0000 - 0x00007ff9d6eca000 	C:\WINDOWS\SYSTEM32\VERSION.dll
0x00007ff9d2e80000 - 0x00007ff9d2ea4000 	C:\WINDOWS\SYSTEM32\WINMM.dll
0x00007ff9cee70000 - 0x00007ff9cee79000 	C:\WINDOWS\SYSTEM32\WSOCK32.dll
0x00007ff9deba0000 - 0x00007ff9dec0f000 	C:\WINDOWS\System32\WS2_32.dll
0x00007ff9d2c30000 - 0x00007ff9d2c5d000 	C:\WINDOWS\SYSTEM32\winmmbase.dll
0x00007ff9dda30000 - 0x00007ff9dda7a000 	C:\WINDOWS\System32\cfgmgr32.dll
0x00007ff9d7e00000 - 0x00007ff9d7e0f000 	C:\Program Files\Android\Android Studio\jre\jre\bin\verify.dll
0x00007ff9d2170000 - 0x00007ff9d2199000 	C:\Program Files\Android\Android Studio\jre\jre\bin\java.dll
0x00007ff9d2630000 - 0x00007ff9d2646000 	C:\Program Files\Android\Android Studio\jre\jre\bin\zip.dll
0x00007ff9df1b0000 - 0x00007ff9df897000 	C:\WINDOWS\System32\SHELL32.dll
0x00007ff9df900000 - 0x00007ff9df9a9000 	C:\WINDOWS\System32\shcore.dll
0x00007ff9dd2b0000 - 0x00007ff9dda30000 	C:\WINDOWS\System32\windows.storage.dll
0x00007ff9dccf0000 - 0x00007ff9dcd13000 	C:\WINDOWS\System32\profapi.dll
0x00007ff9dcd20000 - 0x00007ff9dcd6a000 	C:\WINDOWS\System32\powrprof.dll
0x00007ff9dcca0000 - 0x00007ff9dccb0000 	C:\WINDOWS\System32\UMPDC.dll
0x00007ff9df8a0000 - 0x00007ff9df8f2000 	C:\WINDOWS\System32\shlwapi.dll
0x00007ff9dccb0000 - 0x00007ff9dccc1000 	C:\WINDOWS\System32\kernel.appcore.dll
0x00007ff9dda80000 - 0x00007ff9dda97000 	C:\WINDOWS\System32\cryptsp.dll
0x00007ff9d2240000 - 0x00007ff9d225a000 	C:\Program Files\Android\Android Studio\jre\jre\bin\net.dll
0x00007ff9dc4f0000 - 0x00007ff9dc557000 	C:\WINDOWS\system32\mswsock.dll
0x00007ff9d1b90000 - 0x00007ff9d1ba3000 	C:\Program Files\Android\Android Studio\jre\jre\bin\nio.dll
0x00007ff9cd470000 - 0x00007ff9cd496000 	C:\Users\User\.gradle\native\31\windows-amd64\native-platform.dll
0x00007ff9d7b50000 - 0x00007ff9d7b5d000 	C:\Program Files\Android\Android Studio\jre\jre\bin\management.dll
0x00007ff9dc000000 - 0x00007ff9dc033000 	C:\WINDOWS\system32\rsaenh.dll
0x00007ff9ddd50000 - 0x00007ff9ddd76000 	C:\WINDOWS\System32\bcrypt.dll
0x00007ff9dcbc0000 - 0x00007ff9dcbe5000 	C:\WINDOWS\SYSTEM32\USERENV.dll
0x00007ff9dc6c0000 - 0x00007ff9dc6cc000 	C:\WINDOWS\SYSTEM32\CRYPTBASE.dll
0x00007ff9dc200000 - 0x00007ff9dc23a000 	C:\WINDOWS\SYSTEM32\IPHLPAPI.DLL
0x00007ff9dee60000 - 0x00007ff9dee68000 	C:\WINDOWS\System32\NSI.dll
0x00007ff9d56d0000 - 0x00007ff9d56e6000 	C:\WINDOWS\SYSTEM32\dhcpcsvc6.DLL
0x00007ff9d56b0000 - 0x00007ff9d56cc000 	C:\WINDOWS\SYSTEM32\dhcpcsvc.DLL
0x00007ff9dc240000 - 0x00007ff9dc30b000 	C:\WINDOWS\SYSTEM32\DNSAPI.dll

VM Arguments:
jvm_args: -Xmx2048m -Dfile.encoding=windows-1252 -Duser.country=US -Duser.language=en -Duser.variant 
java_command: org.gradle.launcher.daemon.bootstrap.GradleDaemon 6.1.1
java_class_path (initial): C:\Users\User\.gradle\wrapper\dists\gradle-6.1.1-all\cfmwm155h49vnt3hynmlrsdst\gradle-6.1.1\lib\gradle-launcher-6.1.1.jar
Launcher Type: SUN_STANDARD

Environment Variables:
JAVA_HOME=C:\Program Files\Amazon Corretto\jdk1.8.0_232
PATH=C:\Program Files\Amazon Corretto\jdk1.8.0_232\bin;C:\WINDOWS\system32;C:\WINDOWS;C:\WINDOWS\System32\Wbem;C:\WINDOWS\System32\WindowsPowerShell\v1.0\;C:\WINDOWS\System32\OpenSSH\;C:\Program Files\NVIDIA Corporation\NVIDIA NvDLISR;C:\Program Files (x86)\NVIDIA Corporation\PhysX\Common;C:\WINDOWS\system32;C:\WINDOWS;C:\WINDOWS\System32\Wbem;C:\WINDOWS\System32\WindowsPowerShell\v1.0\;C:\WINDOWS\System32\OpenSSH\;C:\Program Files\Intel\WiFi\bin\;C:\Program Files\Common Files\Intel\WirelessCommon\;D:\Git\cmd;C:\Program Files (x86)\Intel\Intel(R) Management Engine Components\DAL;C:\Program Files\Intel\Intel(R) Management Engine Components\DAL;C:\Program Files\PuTTY\;C:\Users\User\AppData\Local\Microsoft\WindowsApps;C:\Program Files\Intel\WiFi\bin\;C:\Program Files\Common Files\Intel\WirelessCommon\;C:\Users\User\AppData\Local\GitHubDesktop\bin;C:\Users\User\AppData\Local\atom\bin;C:\Users\User\AppData\Local\Programs\Microsoft VS Code\bin
USERNAME=User
OS=Windows_NT
PROCESSOR_IDENTIFIER=Intel64 Family 6 Model 158 Stepping 9, GenuineIntel



---------------  S Y S T E M  ---------------

OS: Windows 10.0 , 64 bit Build 18362 (10.0.18362.1082)

CPU:total 8 (initial active 8) (4 cores per cpu, 2 threads per core) family 6 model 158 stepping 9, cmov, cx8, fxsr, mmx, sse, sse2, sse3, ssse3, sse4.1, sse4.2, popcnt, avx, avx2, aes, clmul, erms, 3dnowpref, lzcnt, ht, tsc, tscinvbit, bmi1, bmi2, adx

Memory: 4k page, physical 16640252k(556912k free), swap 32119632k(5180k free)

vm_info: OpenJDK 64-Bit Server VM (25.242-b01) for windows-amd64 JRE (1.8.0_242-release-1644-b01), built by "builder" with MS VC++ 10.0 (VS2010)

time: Sun Sep 20 23:40:20 2020
timezone: Eastern Daylight Time
elapsed time: 8 seconds (0d 0h 0m 8s)

